Start program: 22.04.2025 22:19:41
ArrayList
add, ID = 1, 28700
add, ID = 2, 21100
add, ID = 3, 18100
add, ID = 4, 16200
add, ID = 5, 32300
add, ID = 6, 60400
add, ID = 7, 21500
add, ID = 8, 30600
add, ID = 9, 18500
add, ID = 10, 17800
add, ID = 11, 24000
add, ID = 12, 20200
add, ID = 13, 29800
add, ID = 14, 20000
add, ID = 15, 20800
add, ID = 16, 20400
add, ID = 17, 22700
add, ID = 18, 38400
add, ID = 19, 28100
add, ID = 20, 19500
add, ID = 21, 26400
add, ID = 22, 29300
add, ID = 23, 16800
add, ID = 24, 15600
add, ID = 25, 19900
add, ID = 26, 16500
add, ID = 27, 22000
add, ID = 28, 23900
add, ID = 29, 25000
add, ID = 30, 22400
add, ID = 31, 25300
add, ID = 32, 30700
add, ID = 33, 21600
add, ID = 34, 22700
add, ID = 35, 22400
add, ID = 36, 29500
add, ID = 37, 16600
add, ID = 38, 78300
add, ID = 39, 30200
add, ID = 40, 31600
add, ID = 41, 40200
add, ID = 42, 31900
add, ID = 43, 25100
add, ID = 44, 17900
add, ID = 45, 16100
add, ID = 46, 17100
add, ID = 47, 20000
add, ID = 48, 29000
add, ID = 49, 19400
add, ID = 50, 16500
add, ID = 51, 22800
add, ID = 52, 27300
add, ID = 53, 20500
add, ID = 54, 17300
add, ID = 55, 18500
add, ID = 56, 19700
add, ID = 57, 20600
add, ID = 58, 16700
add, ID = 59, 15000
add, ID = 60, 39900
add, ID = 61, 44400
add, ID = 62, 27400
add, ID = 63, 23600
add, ID = 64, 24200
add, ID = 65, 19200
add, ID = 66, 17300
add, ID = 67, 17100
add, ID = 68, 16900
add, ID = 69, 16200
add, ID = 70, 16000
add, ID = 71, 23800
add, ID = 72, 17500
add, ID = 73, 25100
add, ID = 74, 21900
add, ID = 75, 16300
add, ID = 76, 15900
add, ID = 77, 15400
add, ID = 78, 15100
add, ID = 79, 26100
add, ID = 80, 20900
add, ID = 81, 21900
add, ID = 82, 24300
add, ID = 83, 19900
add, ID = 84, 23100
add, ID = 85, 18700
add, ID = 86, 53000
add, ID = 87, 41500
add, ID = 88, 30500
add, ID = 89, 18300
add, ID = 90, 18200
add, ID = 91, 16900
add, ID = 92, 16400
add, ID = 93, 17400
add, ID = 94, 20400
add, ID = 95, 45700
add, ID = 96, 29900
add, ID = 97, 37400
add, ID = 98, 42400
add, ID = 99, 29500
add, ID = 100, 24300
remove, ID = 3, 3100
remove, ID = 91, 1200
remove, ID = 98, 700
remove, ID = 58, 1600
remove, ID = 69, 900
remove, ID = 52, 400
remove, ID = 15, 600
remove, ID = 21, 400
remove, ID = 11, 500
remove, ID = 25, 400
addTotalCount = 100
addTotalTime = 2457300
addMedianTime = 21750
removeTotalCount = 10
removeTotalTime = 9800
removeMedianTime = 650
Finish program: 22.04.2025 22:19:41

Regression addTotalTime 10→100: +648,7%
Regression addMedianTime 10→100: -8,6%
Regression removeTotalTime 10→100: +104,2%
Regression removeMedianTime 10→100: -86,5%
