Start program: 22.04.2025 22:19:41
ArrayList
add, ID = 1, 56500
add, ID = 2, 43700
add, ID = 3, 16500
add, ID = 4, 14500
add, ID = 5, 14700
add, ID = 6, 14200
add, ID = 7, 13400
add, ID = 8, 42700
add, ID = 9, 17500
add, ID = 10, 13000
add, ID = 11, 12700
add, ID = 12, 12400
add, ID = 13, 12600
add, ID = 14, 13400
add, ID = 15, 19000
add, ID = 16, 13300
add, ID = 17, 12000
add, ID = 18, 17500
add, ID = 19, 12500
add, ID = 20, 11900
add, ID = 21, 11800
add, ID = 22, 47100
add, ID = 23, 23200
add, ID = 24, 15300
add, ID = 25, 15700
add, ID = 26, 21000
add, ID = 27, 22600
add, ID = 28, 29400
add, ID = 29, 17100
add, ID = 30, 16000
add, ID = 31, 20100
add, ID = 32, 23500
add, ID = 33, 16000
add, ID = 34, 19200
add, ID = 35, 13000
add, ID = 36, 12600
add, ID = 37, 12300
add, ID = 38, 14800
add, ID = 39, 13600
add, ID = 40, 12100
add, ID = 41, 30000
add, ID = 42, 17200
add, ID = 43, 13200
add, ID = 44, 13300
add, ID = 45, 58000
add, ID = 46, 22500
add, ID = 47, 25700
add, ID = 48, 14800
add, ID = 49, 13800
add, ID = 50, 14800
add, ID = 51, 18100
add, ID = 52, 21300
add, ID = 53, 19500
add, ID = 54, 18700
add, ID = 55, 14200
add, ID = 56, 13000
add, ID = 57, 22900
add, ID = 58, 12400
add, ID = 59, 16400
add, ID = 60, 18100
add, ID = 61, 20800
add, ID = 62, 18700
add, ID = 63, 16000
add, ID = 64, 70000
add, ID = 65, 26000
add, ID = 66, 17200
add, ID = 67, 20400
add, ID = 68, 12900
add, ID = 69, 15600
add, ID = 70, 15500
add, ID = 71, 14800
add, ID = 72, 15400
add, ID = 73, 14400
add, ID = 74, 15800
add, ID = 75, 14200
add, ID = 76, 18300
add, ID = 77, 13900
add, ID = 78, 14600
add, ID = 79, 16800
add, ID = 80, 14200
add, ID = 81, 13900
add, ID = 82, 13800
add, ID = 83, 13400
add, ID = 84, 13600
add, ID = 85, 13600
add, ID = 86, 19000
add, ID = 87, 14200
add, ID = 88, 14300
add, ID = 89, 13700
add, ID = 90, 13800
add, ID = 91, 13800
add, ID = 92, 13700
add, ID = 93, 13800
add, ID = 94, 13400
add, ID = 95, 13600
add, ID = 96, 17500
add, ID = 97, 13600
add, ID = 98, 13600
add, ID = 99, 13400
add, ID = 100, 11000
add, ID = 101, 11500
add, ID = 102, 11800
add, ID = 103, 11400
add, ID = 104, 11000
add, ID = 105, 10900
add, ID = 106, 14100
add, ID = 107, 10300
add, ID = 108, 10300
add, ID = 109, 10400
add, ID = 110, 11400
add, ID = 111, 16900
add, ID = 112, 11300
add, ID = 113, 10600
add, ID = 114, 10500
add, ID = 115, 15800
add, ID = 116, 14400
add, ID = 117, 11800
add, ID = 118, 28000
add, ID = 119, 18700
add, ID = 120, 15900
add, ID = 121, 15100
add, ID = 122, 14100
add, ID = 123, 16500
add, ID = 124, 17800
add, ID = 125, 19500
add, ID = 126, 26600
add, ID = 127, 15900
add, ID = 128, 14500
add, ID = 129, 13600
add, ID = 130, 12800
add, ID = 131, 12200
add, ID = 132, 17100
add, ID = 133, 13700
add, ID = 134, 13200
add, ID = 135, 23800
add, ID = 136, 13400
add, ID = 137, 11700
add, ID = 138, 11300
add, ID = 139, 11300
add, ID = 140, 11800
add, ID = 141, 11500
add, ID = 142, 11600
add, ID = 143, 22700
add, ID = 144, 12300
add, ID = 145, 24800
add, ID = 146, 18600
add, ID = 147, 12000
add, ID = 148, 12000
add, ID = 149, 24400
add, ID = 150, 13800
add, ID = 151, 12800
add, ID = 152, 15400
add, ID = 153, 14100
add, ID = 154, 15200
add, ID = 155, 10100
add, ID = 156, 9900
add, ID = 157, 9900
add, ID = 158, 9900
add, ID = 159, 9600
add, ID = 160, 9400
add, ID = 161, 10000
add, ID = 162, 9600
add, ID = 163, 9900
add, ID = 164, 12900
add, ID = 165, 10400
add, ID = 166, 9300
add, ID = 167, 9800
add, ID = 168, 9500
add, ID = 169, 10400
add, ID = 170, 9800
add, ID = 171, 9600
add, ID = 172, 14500
add, ID = 173, 15900
add, ID = 174, 17800
add, ID = 175, 16300
add, ID = 176, 13000
add, ID = 177, 10400
add, ID = 178, 10200
add, ID = 179, 10700
add, ID = 180, 10800
add, ID = 181, 9600
add, ID = 182, 10000
add, ID = 183, 15000
add, ID = 184, 10300
add, ID = 185, 9600
add, ID = 186, 9900
add, ID = 187, 9400
add, ID = 188, 10300
add, ID = 189, 9400
add, ID = 190, 10300
add, ID = 191, 12000
add, ID = 192, 10100
add, ID = 193, 33400
add, ID = 194, 21100
add, ID = 195, 18800
add, ID = 196, 17400
add, ID = 197, 18100
add, ID = 198, 17200
add, ID = 199, 15400
add, ID = 200, 23500
add, ID = 201, 14500
add, ID = 202, 14200
add, ID = 203, 19300
add, ID = 204, 13800
add, ID = 205, 13500
add, ID = 206, 21300
add, ID = 207, 21800
add, ID = 208, 25700
add, ID = 209, 25900
add, ID = 210, 14300
add, ID = 211, 13800
add, ID = 212, 26400
add, ID = 213, 14200
add, ID = 214, 13100
add, ID = 215, 13500
add, ID = 216, 13500
add, ID = 217, 12500
add, ID = 218, 14100
add, ID = 219, 21000
add, ID = 220, 22300
add, ID = 221, 13500
add, ID = 222, 18600
add, ID = 223, 12600
add, ID = 224, 10100
add, ID = 225, 9500
add, ID = 226, 9500
add, ID = 227, 9500
add, ID = 228, 16000
add, ID = 229, 10700
add, ID = 230, 10000
add, ID = 231, 9500
add, ID = 232, 13400
add, ID = 233, 9600
add, ID = 234, 11200
add, ID = 235, 9800
add, ID = 236, 9400
add, ID = 237, 9300
add, ID = 238, 9600
add, ID = 239, 9600
add, ID = 240, 9500
add, ID = 241, 9100
add, ID = 242, 12500
add, ID = 243, 14800
add, ID = 244, 15600
add, ID = 245, 17600
add, ID = 246, 12400
add, ID = 247, 16300
add, ID = 248, 19400
add, ID = 249, 13500
add, ID = 250, 12000
add, ID = 251, 15600
add, ID = 252, 16500
add, ID = 253, 16100
add, ID = 254, 19200
add, ID = 255, 19600
add, ID = 256, 12400
add, ID = 257, 10600
add, ID = 258, 9600
add, ID = 259, 12800
add, ID = 260, 10400
add, ID = 261, 15700
add, ID = 262, 10600
add, ID = 263, 9400
add, ID = 264, 10000
add, ID = 265, 9300
add, ID = 266, 9600
add, ID = 267, 9000
add, ID = 268, 9200
add, ID = 269, 9100
add, ID = 270, 9700
add, ID = 271, 14800
add, ID = 272, 9600
add, ID = 273, 9400
add, ID = 274, 9600
add, ID = 275, 9300
add, ID = 276, 9100
add, ID = 277, 9500
add, ID = 278, 9100
add, ID = 279, 9300
add, ID = 280, 12200
add, ID = 281, 14000
add, ID = 282, 10400
add, ID = 283, 9500
add, ID = 284, 9400
add, ID = 285, 9100
add, ID = 286, 14500
add, ID = 287, 14200
add, ID = 288, 11900
add, ID = 289, 12800
add, ID = 290, 18700
add, ID = 291, 10500
add, ID = 292, 10700
add, ID = 293, 9700
add, ID = 294, 10100
add, ID = 295, 9900
add, ID = 296, 9000
add, ID = 297, 17300
add, ID = 298, 15100
add, ID = 299, 37400
add, ID = 300, 25200
add, ID = 301, 21100
add, ID = 302, 19500
add, ID = 303, 14700
add, ID = 304, 17200
add, ID = 305, 13200
add, ID = 306, 11500
add, ID = 307, 11200
add, ID = 308, 10700
add, ID = 309, 13300
add, ID = 310, 11100
add, ID = 311, 11800
add, ID = 312, 19300
add, ID = 313, 11500
add, ID = 314, 10200
add, ID = 315, 20400
add, ID = 316, 10600
add, ID = 317, 17100
add, ID = 318, 10900
add, ID = 319, 51200
add, ID = 320, 10800
add, ID = 321, 9600
add, ID = 322, 11600
add, ID = 323, 9300
add, ID = 324, 9600
add, ID = 325, 9100
add, ID = 326, 15200
add, ID = 327, 11400
add, ID = 328, 10600
add, ID = 329, 13400
add, ID = 330, 9600
add, ID = 331, 9100
add, ID = 332, 9000
add, ID = 333, 8900
add, ID = 334, 9300
add, ID = 335, 9500
add, ID = 336, 14700
add, ID = 337, 15600
add, ID = 338, 19900
add, ID = 339, 17100
add, ID = 340, 9700
add, ID = 341, 9300
add, ID = 342, 13700
add, ID = 343, 11800
add, ID = 344, 8800
add, ID = 345, 8700
add, ID = 346, 8900
add, ID = 347, 9200
add, ID = 348, 9000
add, ID = 349, 9000
add, ID = 350, 12600
add, ID = 351, 14400
add, ID = 352, 17700
add, ID = 353, 19700
add, ID = 354, 20200
add, ID = 355, 11100
add, ID = 356, 13700
add, ID = 357, 9500
add, ID = 358, 59200
add, ID = 359, 17100
add, ID = 360, 17100
add, ID = 361, 20200
add, ID = 362, 36700
add, ID = 363, 40600
add, ID = 364, 15800
add, ID = 365, 17900
add, ID = 366, 14100
add, ID = 367, 27200
add, ID = 368, 12100
add, ID = 369, 11400
add, ID = 370, 10100
add, ID = 371, 17400
add, ID = 372, 11500
add, ID = 373, 10100
add, ID = 374, 33000
add, ID = 375, 29000
add, ID = 376, 13100
add, ID = 377, 25400
add, ID = 378, 17400
add, ID = 379, 11800
add, ID = 380, 11200
add, ID = 381, 10300
add, ID = 382, 231700
add, ID = 383, 32600
add, ID = 384, 14300
add, ID = 385, 10900
add, ID = 386, 15200
add, ID = 387, 16500
add, ID = 388, 10100
add, ID = 389, 21500
add, ID = 390, 15800
add, ID = 391, 11300
add, ID = 392, 55900
add, ID = 393, 27600
add, ID = 394, 18700
add, ID = 395, 15700
add, ID = 396, 14200
add, ID = 397, 16100
add, ID = 398, 43000
add, ID = 399, 87400
add, ID = 400, 19800
add, ID = 401, 28100
add, ID = 402, 23300
add, ID = 403, 18800
add, ID = 404, 18100
add, ID = 405, 16200
add, ID = 406, 22200
add, ID = 407, 20900
add, ID = 408, 17700
add, ID = 409, 16700
add, ID = 410, 16200
add, ID = 411, 11100
add, ID = 412, 8800
add, ID = 413, 14900
add, ID = 414, 16000
add, ID = 415, 14200
add, ID = 416, 21000
add, ID = 417, 13000
add, ID = 418, 8800
add, ID = 419, 9200
add, ID = 420, 12200
add, ID = 421, 9000
add, ID = 422, 8600
add, ID = 423, 12200
add, ID = 424, 11700
add, ID = 425, 11700
add, ID = 426, 12400
add, ID = 427, 13200
add, ID = 428, 9300
add, ID = 429, 8300
add, ID = 430, 12300
add, ID = 431, 8400
add, ID = 432, 10400
add, ID = 433, 9800
add, ID = 434, 9400
add, ID = 435, 13600
add, ID = 436, 9000
add, ID = 437, 8200
add, ID = 438, 7900
add, ID = 439, 7800
add, ID = 440, 15400
add, ID = 441, 8600
add, ID = 442, 8800
add, ID = 443, 8200
add, ID = 444, 7900
add, ID = 445, 12000
add, ID = 446, 8200
add, ID = 447, 8000
add, ID = 448, 7900
add, ID = 449, 7700
add, ID = 450, 8000
add, ID = 451, 7700
add, ID = 452, 7700
add, ID = 453, 8200
add, ID = 454, 8300
add, ID = 455, 15900
add, ID = 456, 10200
add, ID = 457, 16600
add, ID = 458, 10000
add, ID = 459, 9500
add, ID = 460, 10400
add, ID = 461, 9200
add, ID = 462, 13300
add, ID = 463, 9400
add, ID = 464, 9300
add, ID = 465, 11500
add, ID = 466, 8000
add, ID = 467, 8000
add, ID = 468, 7700
add, ID = 469, 7600
add, ID = 470, 7700
add, ID = 471, 8200
add, ID = 472, 8400
add, ID = 473, 8500
add, ID = 474, 8000
add, ID = 475, 7800
add, ID = 476, 7900
add, ID = 477, 7800
add, ID = 478, 7900
add, ID = 479, 7800
add, ID = 480, 7800
add, ID = 481, 7900
add, ID = 482, 7900
add, ID = 483, 8800
add, ID = 484, 12500
add, ID = 485, 8700
add, ID = 486, 8400
add, ID = 487, 7900
add, ID = 488, 8500
add, ID = 489, 8400
add, ID = 490, 7900
add, ID = 491, 7900
add, ID = 492, 8100
add, ID = 493, 7800
add, ID = 494, 11900
add, ID = 495, 8200
add, ID = 496, 8000
add, ID = 497, 7900
add, ID = 498, 7900
add, ID = 499, 7900
add, ID = 500, 8100
add, ID = 501, 8100
add, ID = 502, 12500
add, ID = 503, 15800
add, ID = 504, 17600
add, ID = 505, 17300
add, ID = 506, 17500
add, ID = 507, 15300
add, ID = 508, 11300
add, ID = 509, 8600
add, ID = 510, 8500
add, ID = 511, 14400
add, ID = 512, 12500
add, ID = 513, 14900
add, ID = 514, 13300
add, ID = 515, 16500
add, ID = 516, 13400
add, ID = 517, 127200
add, ID = 518, 17900
add, ID = 519, 12300
add, ID = 520, 12300
add, ID = 521, 11600
add, ID = 522, 9900
add, ID = 523, 14600
add, ID = 524, 9000
add, ID = 525, 12700
add, ID = 526, 15900
add, ID = 527, 26900
add, ID = 528, 14200
add, ID = 529, 12700
add, ID = 530, 20100
add, ID = 531, 10300
add, ID = 532, 9000
add, ID = 533, 13400
add, ID = 534, 9500
add, ID = 535, 7900
add, ID = 536, 9000
add, ID = 537, 9000
add, ID = 538, 8700
add, ID = 539, 8400
add, ID = 540, 8400
add, ID = 541, 8500
add, ID = 542, 8600
add, ID = 543, 12100
add, ID = 544, 8500
add, ID = 545, 8400
add, ID = 546, 8400
add, ID = 547, 7900
add, ID = 548, 8100
add, ID = 549, 8500
add, ID = 550, 9000
add, ID = 551, 8200
add, ID = 552, 8200
add, ID = 553, 7700
add, ID = 554, 7900
add, ID = 555, 8200
add, ID = 556, 8000
add, ID = 557, 8300
add, ID = 558, 8000
add, ID = 559, 8500
add, ID = 560, 9800
add, ID = 561, 11500
add, ID = 562, 8100
add, ID = 563, 8000
add, ID = 564, 8000
add, ID = 565, 7900
add, ID = 566, 7900
add, ID = 567, 8300
add, ID = 568, 9200
add, ID = 569, 15500
add, ID = 570, 13100
add, ID = 571, 15300
add, ID = 572, 13600
add, ID = 573, 12000
add, ID = 574, 21900
add, ID = 575, 12000
add, ID = 576, 12100
add, ID = 577, 11400
add, ID = 578, 10800
add, ID = 579, 19200
add, ID = 580, 8200
add, ID = 581, 11800
add, ID = 582, 7900
add, ID = 583, 8000
add, ID = 584, 8400
add, ID = 585, 38400
add, ID = 586, 30300
add, ID = 587, 12000
add, ID = 588, 15000
add, ID = 589, 8200
add, ID = 590, 8300
add, ID = 591, 8100
add, ID = 592, 8000
add, ID = 593, 7900
add, ID = 594, 8300
add, ID = 595, 7900
add, ID = 596, 7900
add, ID = 597, 13900
add, ID = 598, 8100
add, ID = 599, 8600
add, ID = 600, 12400
add, ID = 601, 7700
add, ID = 602, 13500
add, ID = 603, 33700
add, ID = 604, 13100
add, ID = 605, 8000
add, ID = 606, 7500
add, ID = 607, 7300
add, ID = 608, 7900
add, ID = 609, 11900
add, ID = 610, 17500
add, ID = 611, 14500
add, ID = 612, 8600
add, ID = 613, 7400
add, ID = 614, 8100
add, ID = 615, 7700
add, ID = 616, 7700
add, ID = 617, 7400
add, ID = 618, 7800
add, ID = 619, 7400
add, ID = 620, 12000
add, ID = 621, 7500
add, ID = 622, 7500
add, ID = 623, 7600
add, ID = 624, 7300
add, ID = 625, 7900
add, ID = 626, 8500
add, ID = 627, 7800
add, ID = 628, 8300
add, ID = 629, 7900
add, ID = 630, 8600
add, ID = 631, 7500
add, ID = 632, 8100
add, ID = 633, 17500
add, ID = 634, 8600
add, ID = 635, 7800
add, ID = 636, 8000
add, ID = 637, 7600
add, ID = 638, 7800
add, ID = 639, 11400
add, ID = 640, 19300
add, ID = 641, 11100
add, ID = 642, 8100
add, ID = 643, 8500
add, ID = 644, 7700
add, ID = 645, 8100
add, ID = 646, 7800
add, ID = 647, 8000
add, ID = 648, 8300
add, ID = 649, 11200
add, ID = 650, 8100
add, ID = 651, 7300
add, ID = 652, 7400
add, ID = 653, 9100
add, ID = 654, 8800
add, ID = 655, 12900
add, ID = 656, 8300
add, ID = 657, 10000
add, ID = 658, 8900
add, ID = 659, 11200
add, ID = 660, 7800
add, ID = 661, 7500
add, ID = 662, 7400
add, ID = 663, 7700
add, ID = 664, 7500
add, ID = 665, 7300
add, ID = 666, 7500
add, ID = 667, 8400
add, ID = 668, 7200
add, ID = 669, 7700
add, ID = 670, 15700
add, ID = 671, 7500
add, ID = 672, 7600
add, ID = 673, 7700
add, ID = 674, 7300
add, ID = 675, 7600
add, ID = 676, 7400
add, ID = 677, 7600
add, ID = 678, 10900
add, ID = 679, 10200
add, ID = 680, 7400
add, ID = 681, 7800
add, ID = 682, 7200
add, ID = 683, 7700
add, ID = 684, 7500
add, ID = 685, 7300
add, ID = 686, 7400
add, ID = 687, 7400
add, ID = 688, 11400
add, ID = 689, 17900
add, ID = 690, 7800
add, ID = 691, 7200
add, ID = 692, 7300
add, ID = 693, 7300
add, ID = 694, 7300
add, ID = 695, 7100
add, ID = 696, 7700
add, ID = 697, 7400
add, ID = 698, 10600
add, ID = 699, 7100
add, ID = 700, 7100
add, ID = 701, 7300
add, ID = 702, 7200
add, ID = 703, 7300
add, ID = 704, 7300
add, ID = 705, 7200
add, ID = 706, 7300
add, ID = 707, 7100
add, ID = 708, 14000
add, ID = 709, 7400
add, ID = 710, 7000
add, ID = 711, 7100
add, ID = 712, 7300
add, ID = 713, 7000
add, ID = 714, 7300
add, ID = 715, 7000
add, ID = 716, 7900
add, ID = 717, 10900
add, ID = 718, 7200
add, ID = 719, 8200
add, ID = 720, 33400
add, ID = 721, 7400
add, ID = 722, 6800
add, ID = 723, 6800
add, ID = 724, 6800
add, ID = 725, 6800
add, ID = 726, 6700
add, ID = 727, 10400
add, ID = 728, 7200
add, ID = 729, 6900
add, ID = 730, 6800
add, ID = 731, 6900
add, ID = 732, 6900
add, ID = 733, 6700
add, ID = 734, 12900
add, ID = 735, 6700
add, ID = 736, 6700
add, ID = 737, 9800
add, ID = 738, 7800
add, ID = 739, 7100
add, ID = 740, 7900
add, ID = 741, 7000
add, ID = 742, 7300
add, ID = 743, 6700
add, ID = 744, 6800
add, ID = 745, 6700
add, ID = 746, 6700
add, ID = 747, 7100
add, ID = 748, 6600
add, ID = 749, 6900
add, ID = 750, 7200
add, ID = 751, 6900
add, ID = 752, 6900
add, ID = 753, 7100
add, ID = 754, 6900
add, ID = 755, 6700
add, ID = 756, 10100
add, ID = 757, 6700
add, ID = 758, 6600
add, ID = 759, 6900
add, ID = 760, 7300
add, ID = 761, 16500
add, ID = 762, 8200
add, ID = 763, 7000
add, ID = 764, 11700
add, ID = 765, 8000
add, ID = 766, 9800
add, ID = 767, 8500
add, ID = 768, 9400
add, ID = 769, 8100
add, ID = 770, 10800
add, ID = 771, 9400
add, ID = 772, 7800
add, ID = 773, 9500
add, ID = 774, 8200
add, ID = 775, 15600
add, ID = 776, 20900
add, ID = 777, 12300
add, ID = 778, 7900
add, ID = 779, 7000
add, ID = 780, 7000
add, ID = 781, 7200
add, ID = 782, 8100
add, ID = 783, 10300
add, ID = 784, 10000
add, ID = 785, 11900
add, ID = 786, 54200
add, ID = 787, 49000
add, ID = 788, 49300
add, ID = 789, 48700
add, ID = 790, 48900
add, ID = 791, 47900
add, ID = 792, 49100
add, ID = 793, 48500
add, ID = 794, 50800
add, ID = 795, 182100
add, ID = 796, 114200
add, ID = 797, 29700
add, ID = 798, 14600
add, ID = 799, 11600
add, ID = 800, 12000
add, ID = 801, 25400
add, ID = 802, 10900
add, ID = 803, 9400
add, ID = 804, 9000
add, ID = 805, 16500
add, ID = 806, 9500
add, ID = 807, 8700
add, ID = 808, 11200
add, ID = 809, 9300
add, ID = 810, 9600
add, ID = 811, 9500
add, ID = 812, 9000
add, ID = 813, 21700
add, ID = 814, 9900
add, ID = 815, 16700
add, ID = 816, 10700
add, ID = 817, 9800
add, ID = 818, 9100
add, ID = 819, 9100
add, ID = 820, 9000
add, ID = 821, 8700
add, ID = 822, 8900
add, ID = 823, 11000
add, ID = 824, 22600
add, ID = 825, 10300
add, ID = 826, 9400
add, ID = 827, 13700
add, ID = 828, 9100
add, ID = 829, 9100
add, ID = 830, 9100
add, ID = 831, 9500
add, ID = 832, 10400
add, ID = 833, 16600
add, ID = 834, 10600
add, ID = 835, 10200
add, ID = 836, 9100
add, ID = 837, 10300
add, ID = 838, 11400
add, ID = 839, 9700
add, ID = 840, 9300
add, ID = 841, 8800
add, ID = 842, 8700
add, ID = 843, 9100
add, ID = 844, 9000
add, ID = 845, 8600
add, ID = 846, 8800
add, ID = 847, 9100
add, ID = 848, 8900
add, ID = 849, 9200
add, ID = 850, 8800
add, ID = 851, 8900
add, ID = 852, 14600
add, ID = 853, 9600
add, ID = 854, 9800
add, ID = 855, 9300
add, ID = 856, 10600
add, ID = 857, 10900
add, ID = 858, 11300
add, ID = 859, 10500
add, ID = 860, 33900
add, ID = 861, 10400
add, ID = 862, 19200
add, ID = 863, 9600
add, ID = 864, 9600
add, ID = 865, 10700
add, ID = 866, 10400
add, ID = 867, 10200
add, ID = 868, 10500
add, ID = 869, 12000
add, ID = 870, 23600
add, ID = 871, 10600
add, ID = 872, 17100
add, ID = 873, 10600
add, ID = 874, 9500
add, ID = 875, 11900
add, ID = 876, 9600
add, ID = 877, 9900
add, ID = 878, 9700
add, ID = 879, 9800
add, ID = 880, 11200
add, ID = 881, 11100
add, ID = 882, 12100
add, ID = 883, 8100
add, ID = 884, 7000
add, ID = 885, 7800
add, ID = 886, 6600
add, ID = 887, 6500
add, ID = 888, 6700
add, ID = 889, 31000
add, ID = 890, 16900
add, ID = 891, 10600
add, ID = 892, 5600
add, ID = 893, 6500
add, ID = 894, 5900
add, ID = 895, 5600
add, ID = 896, 10800
add, ID = 897, 18000
add, ID = 898, 13000
add, ID = 899, 15900
add, ID = 900, 6200
add, ID = 901, 9400
add, ID = 902, 12200
add, ID = 903, 6900
add, ID = 904, 25400
add, ID = 905, 55600
add, ID = 906, 11300
add, ID = 907, 7400
add, ID = 908, 9500
add, ID = 909, 7300
add, ID = 910, 7200
add, ID = 911, 18300
add, ID = 912, 8200
add, ID = 913, 13700
add, ID = 914, 28700
add, ID = 915, 6200
add, ID = 916, 8100
add, ID = 917, 6600
add, ID = 918, 5000
add, ID = 919, 5200
add, ID = 920, 4700
add, ID = 921, 5100
add, ID = 922, 5000
add, ID = 923, 4800
add, ID = 924, 9400
add, ID = 925, 4900
add, ID = 926, 5000
add, ID = 927, 4700
add, ID = 928, 4600
add, ID = 929, 4900
add, ID = 930, 4800
add, ID = 931, 4500
add, ID = 932, 4900
add, ID = 933, 8000
add, ID = 934, 23500
add, ID = 935, 5400
add, ID = 936, 4800
add, ID = 937, 4600
add, ID = 938, 4800
add, ID = 939, 4600
add, ID = 940, 4400
add, ID = 941, 4300
add, ID = 942, 5100
add, ID = 943, 9100
add, ID = 944, 5300
add, ID = 945, 6800
add, ID = 946, 5200
add, ID = 947, 4800
add, ID = 948, 4500
add, ID = 949, 4900
add, ID = 950, 4800
add, ID = 951, 6400
add, ID = 952, 8300
add, ID = 953, 13600
add, ID = 954, 7800
add, ID = 955, 8400
add, ID = 956, 7900
add, ID = 957, 8500
add, ID = 958, 5700
add, ID = 959, 5400
add, ID = 960, 5300
add, ID = 961, 4600
add, ID = 962, 4700
add, ID = 963, 11800
add, ID = 964, 5700
add, ID = 965, 4900
add, ID = 966, 5000
add, ID = 967, 5000
add, ID = 968, 5100
add, ID = 969, 4700
add, ID = 970, 5100
add, ID = 971, 5600
add, ID = 972, 5100
add, ID = 973, 5900
add, ID = 974, 5200
add, ID = 975, 5200
add, ID = 976, 4800
add, ID = 977, 9400
add, ID = 978, 5400
add, ID = 979, 5000
add, ID = 980, 5100
add, ID = 981, 4800
add, ID = 982, 9100
add, ID = 983, 5600
add, ID = 984, 5100
add, ID = 985, 5500
add, ID = 986, 5000
add, ID = 987, 4400
add, ID = 988, 5100
add, ID = 989, 5700
add, ID = 990, 31500
add, ID = 991, 5000
add, ID = 992, 8800
add, ID = 993, 4500
add, ID = 994, 5000
add, ID = 995, 4600
add, ID = 996, 4500
add, ID = 997, 4600
add, ID = 998, 4600
add, ID = 999, 4700
add, ID = 1000, 4500
remove, ID = 187, 4400
remove, ID = 999, 400
remove, ID = 949, 400
remove, ID = 718, 400
remove, ID = 450, 400
remove, ID = 954, 400
remove, ID = 138, 900
remove, ID = 802, 400
remove, ID = 813, 400
remove, ID = 797, 400
remove, ID = 650, 400
remove, ID = 644, 400
remove, ID = 795, 300
remove, ID = 40, 700
remove, ID = 370, 500
remove, ID = 335, 500
remove, ID = 722, 400
remove, ID = 702, 300
remove, ID = 245, 500
remove, ID = 902, 400
remove, ID = 796, 400
remove, ID = 740, 500
remove, ID = 257, 500
remove, ID = 892, 300
remove, ID = 381, 400
remove, ID = 409, 500
remove, ID = 14, 600
remove, ID = 653, 400
remove, ID = 972, 400
remove, ID = 949, 400
remove, ID = 778, 500
remove, ID = 159, 500
remove, ID = 208, 500
remove, ID = 824, 400
remove, ID = 670, 400
remove, ID = 209, 500
remove, ID = 271, 500
remove, ID = 512, 400
remove, ID = 82, 600
remove, ID = 84, 800
remove, ID = 594, 400
remove, ID = 264, 500
remove, ID = 144, 600
remove, ID = 829, 400
remove, ID = 184, 500
remove, ID = 95, 500
remove, ID = 826, 300
remove, ID = 717, 400
remove, ID = 217, 500
remove, ID = 858, 300
remove, ID = 43, 600
remove, ID = 510, 400
remove, ID = 96, 900
remove, ID = 704, 400
remove, ID = 308, 400
remove, ID = 704, 400
remove, ID = 400, 500
remove, ID = 18, 500
remove, ID = 581, 500
remove, ID = 534, 400
remove, ID = 512, 500
remove, ID = 355, 500
remove, ID = 762, 300
remove, ID = 872, 300
remove, ID = 314, 500
remove, ID = 679, 400
remove, ID = 34, 600
remove, ID = 828, 300
remove, ID = 794, 400
remove, ID = 165, 500
remove, ID = 186, 500
remove, ID = 349, 500
remove, ID = 28, 600
remove, ID = 693, 400
remove, ID = 764, 400
remove, ID = 309, 500
remove, ID = 55, 600
remove, ID = 526, 400
remove, ID = 54, 500
remove, ID = 770, 400
remove, ID = 494, 400
remove, ID = 250, 400
remove, ID = 568, 400
remove, ID = 43, 500
remove, ID = 506, 400
remove, ID = 870, 300
remove, ID = 377, 400
remove, ID = 690, 500
remove, ID = 666, 400
remove, ID = 266, 500
remove, ID = 395, 400
remove, ID = 579, 500
remove, ID = 647, 400
remove, ID = 284, 500
remove, ID = 228, 500
remove, ID = 477, 400
remove, ID = 859, 400
remove, ID = 862, 400
remove, ID = 271, 600
remove, ID = 527, 400
addTotalCount = 1000
addTotalTime = 13125700
addMedianTime = 10200
removeTotalCount = 100
removeTotalTime = 49600
removeMedianTime = 400
Finish program: 22.04.2025 22:19:41

Regression addTotalTime 100→1000: +434,2%
Regression addMedianTime 100→1000: -53,1%
Regression removeTotalTime 100→1000: +406,1%
Regression removeMedianTime 100→1000: -38,5%
