Start program: 22.04.2025 22:19:42
LinkedList
add, ID = 1, 1200
add, ID = 2, 600
add, ID = 3, 300
add, ID = 4, 200
add, ID = 5, 200
add, ID = 6, 200
add, ID = 7, 200
add, ID = 8, 200
add, ID = 9, 100
add, ID = 10, 300
add, ID = 11, 1300
add, ID = 12, 800
add, ID = 13, 300
add, ID = 14, 200
add, ID = 15, 300
add, ID = 16, 300
add, ID = 17, 300
add, ID = 18, 200
add, ID = 19, 300
add, ID = 20, 200
add, ID = 21, 100
add, ID = 22, 100
add, ID = 23, 300
add, ID = 24, 200
add, ID = 25, 100
add, ID = 26, 200
add, ID = 27, 200
add, ID = 28, 200
add, ID = 29, 200
add, ID = 30, 200
add, ID = 31, 200
add, ID = 32, 200
add, ID = 33, 100
add, ID = 34, 200
add, ID = 35, 200
add, ID = 36, 200
add, ID = 37, 200
add, ID = 38, 200
add, ID = 39, 200
add, ID = 40, 200
add, ID = 41, 200
add, ID = 42, 200
add, ID = 43, 200
add, ID = 44, 200
add, ID = 45, 200
add, ID = 46, 100
add, ID = 47, 200
add, ID = 48, 200
add, ID = 49, 700
add, ID = 50, 300
add, ID = 51, 100
add, ID = 52, 200
add, ID = 53, 200
add, ID = 54, 300
add, ID = 55, 300
add, ID = 56, 100
add, ID = 57, 100
add, ID = 58, 200
add, ID = 59, 200
add, ID = 60, 300
add, ID = 61, 1500
add, ID = 62, 600
add, ID = 63, 600
add, ID = 64, 400
add, ID = 65, 200
add, ID = 66, 200
add, ID = 67, 400
add, ID = 68, 300
add, ID = 69, 300
add, ID = 70, 200
add, ID = 71, 200
add, ID = 72, 200
add, ID = 73, 200
add, ID = 74, 300
add, ID = 75, 300
add, ID = 76, 400
add, ID = 77, 300
add, ID = 78, 200
add, ID = 79, 200
add, ID = 80, 200
add, ID = 81, 200
add, ID = 82, 200
add, ID = 83, 200
add, ID = 84, 200
add, ID = 85, 200
add, ID = 86, 200
add, ID = 87, 200
add, ID = 88, 200
add, ID = 89, 200
add, ID = 90, 200
add, ID = 91, 100
add, ID = 92, 300
add, ID = 93, 200
add, ID = 94, 300
add, ID = 95, 200
add, ID = 96, 300
add, ID = 97, 300
add, ID = 98, 300
add, ID = 99, 400
add, ID = 100, 300
remove, ID = 98, 11300
remove, ID = 35, 3900
remove, ID = 46, 1400
remove, ID = 59, 2100
remove, ID = 48, 1200
remove, ID = 28, 1300
remove, ID = 83, 400
remove, ID = 54, 1200
remove, ID = 17, 1700
remove, ID = 13, 700
addTotalCount = 100
addTotalTime = 27800
addMedianTime = 200
removeTotalCount = 10
removeTotalTime = 25200
removeMedianTime = 1350
Finish program: 22.04.2025 22:19:42

Regression addTotalTime 10→100: +118,9%
Regression addMedianTime 10→100: -33,3%
Regression removeTotalTime 10→100: +96,9%
Regression removeMedianTime 10→100: -89,5%
