Start program: 22.04.2025 22:19:42
LinkedList
add, ID = 1, 2500
add, ID = 2, 700
add, ID = 3, 400
add, ID = 4, 300
add, ID = 5, 300
add, ID = 6, 300
add, ID = 7, 200
add, ID = 8, 300
add, ID = 9, 200
add, ID = 10, 400
add, ID = 11, 200
add, ID = 12, 300
add, ID = 13, 300
add, ID = 14, 400
add, ID = 15, 200
add, ID = 16, 2100
add, ID = 17, 200
add, ID = 18, 200
add, ID = 19, 300
add, ID = 20, 200
add, ID = 21, 200
add, ID = 22, 200
add, ID = 23, 200
add, ID = 24, 200
add, ID = 25, 200
add, ID = 26, 200
add, ID = 27, 200
add, ID = 28, 200
add, ID = 29, 200
add, ID = 30, 200
add, ID = 31, 400
add, ID = 32, 500
add, ID = 33, 200
add, ID = 34, 200
add, ID = 35, 200
add, ID = 36, 200
add, ID = 37, 200
add, ID = 38, 200
add, ID = 39, 200
add, ID = 40, 200
add, ID = 41, 200
add, ID = 42, 100
add, ID = 43, 200
add, ID = 44, 200
add, ID = 45, 200
add, ID = 46, 100
add, ID = 47, 200
add, ID = 48, 100
add, ID = 49, 100
add, ID = 50, 200
add, ID = 51, 100
add, ID = 52, 200
add, ID = 53, 300
add, ID = 54, 200
add, ID = 55, 700
add, ID = 56, 400
add, ID = 57, 200
add, ID = 58, 400
add, ID = 59, 200
add, ID = 60, 200
add, ID = 61, 300
add, ID = 62, 200
add, ID = 63, 300
add, ID = 64, 200
add, ID = 65, 200
add, ID = 66, 400
add, ID = 67, 400
add, ID = 68, 200
add, ID = 69, 200
add, ID = 70, 100
add, ID = 71, 200
add, ID = 72, 200
add, ID = 73, 200
add, ID = 74, 200
add, ID = 75, 200
add, ID = 76, 200
add, ID = 77, 200
add, ID = 78, 100
add, ID = 79, 200
add, ID = 80, 200
add, ID = 81, 200
add, ID = 82, 100
add, ID = 83, 200
add, ID = 84, 100
add, ID = 85, 200
add, ID = 86, 200
add, ID = 87, 200
add, ID = 88, 100
add, ID = 89, 200
add, ID = 90, 200
add, ID = 91, 200
add, ID = 92, 100
add, ID = 93, 200
add, ID = 94, 100
add, ID = 95, 100
add, ID = 96, 100
add, ID = 97, 200
add, ID = 98, 100
add, ID = 99, 200
add, ID = 100, 100
add, ID = 101, 200
add, ID = 102, 200
add, ID = 103, 100
add, ID = 104, 100
add, ID = 105, 200
add, ID = 106, 200
add, ID = 107, 200
add, ID = 108, 200
add, ID = 109, 200
add, ID = 110, 200
add, ID = 111, 200
add, ID = 112, 200
add, ID = 113, 200
add, ID = 114, 100
add, ID = 115, 200
add, ID = 116, 100
add, ID = 117, 200
add, ID = 118, 200
add, ID = 119, 100
add, ID = 120, 200
add, ID = 121, 100
add, ID = 122, 100
add, ID = 123, 100
add, ID = 124, 100
add, ID = 125, 200
add, ID = 126, 100
add, ID = 127, 100
add, ID = 128, 100
add, ID = 129, 200
add, ID = 130, 200
add, ID = 131, 200
add, ID = 132, 200
add, ID = 133, 200
add, ID = 134, 200
add, ID = 135, 100
add, ID = 136, 200
add, ID = 137, 100
add, ID = 138, 100
add, ID = 139, 500
add, ID = 140, 200
add, ID = 141, 100
add, ID = 142, 200
add, ID = 143, 200
add, ID = 144, 3600
add, ID = 145, 200
add, ID = 146, 200
add, ID = 147, 200
add, ID = 148, 200
add, ID = 149, 300
add, ID = 150, 200
add, ID = 151, 200
add, ID = 152, 200
add, ID = 153, 200
add, ID = 154, 100
add, ID = 155, 200
add, ID = 156, 200
add, ID = 157, 200
add, ID = 158, 100
add, ID = 159, 200
add, ID = 160, 100
add, ID = 161, 200
add, ID = 162, 100
add, ID = 163, 200
add, ID = 164, 200
add, ID = 165, 200
add, ID = 166, 100
add, ID = 167, 300
add, ID = 168, 100
add, ID = 169, 200
add, ID = 170, 200
add, ID = 171, 100
add, ID = 172, 200
add, ID = 173, 200
add, ID = 174, 300
add, ID = 175, 500
add, ID = 176, 100
add, ID = 177, 200
add, ID = 178, 100
add, ID = 179, 100
add, ID = 180, 200
add, ID = 181, 200
add, ID = 182, 200
add, ID = 183, 100
add, ID = 184, 100
add, ID = 185, 200
add, ID = 186, 200
add, ID = 187, 200
add, ID = 188, 100
add, ID = 189, 200
add, ID = 190, 200
add, ID = 191, 100
add, ID = 192, 100
add, ID = 193, 400
add, ID = 194, 200
add, ID = 195, 300
add, ID = 196, 200
add, ID = 197, 100
add, ID = 198, 200
add, ID = 199, 300
add, ID = 200, 200
add, ID = 201, 200
add, ID = 202, 200
add, ID = 203, 200
add, ID = 204, 200
add, ID = 205, 200
add, ID = 206, 200
add, ID = 207, 200
add, ID = 208, 200
add, ID = 209, 200
add, ID = 210, 200
add, ID = 211, 300
add, ID = 212, 200
add, ID = 213, 300
add, ID = 214, 400
add, ID = 215, 200
add, ID = 216, 500
add, ID = 217, 200
add, ID = 218, 200
add, ID = 219, 100
add, ID = 220, 200
add, ID = 221, 200
add, ID = 222, 200
add, ID = 223, 200
add, ID = 224, 200
add, ID = 225, 200
add, ID = 226, 200
add, ID = 227, 200
add, ID = 228, 200
add, ID = 229, 100
add, ID = 230, 100
add, ID = 231, 100
add, ID = 232, 100
add, ID = 233, 200
add, ID = 234, 200
add, ID = 235, 100
add, ID = 236, 100
add, ID = 237, 200
add, ID = 238, 200
add, ID = 239, 200
add, ID = 240, 200
add, ID = 241, 200
add, ID = 242, 200
add, ID = 243, 200
add, ID = 244, 200
add, ID = 245, 100
add, ID = 246, 200
add, ID = 247, 100
add, ID = 248, 200
add, ID = 249, 200
add, ID = 250, 200
add, ID = 251, 200
add, ID = 252, 200
add, ID = 253, 200
add, ID = 254, 200
add, ID = 255, 200
add, ID = 256, 200
add, ID = 257, 200
add, ID = 258, 200
add, ID = 259, 100
add, ID = 260, 200
add, ID = 261, 300
add, ID = 262, 100
add, ID = 263, 200
add, ID = 264, 200
add, ID = 265, 100
add, ID = 266, 200
add, ID = 267, 200
add, ID = 268, 200
add, ID = 269, 100
add, ID = 270, 100
add, ID = 271, 200
add, ID = 272, 1300
add, ID = 273, 300
add, ID = 274, 200
add, ID = 275, 200
add, ID = 276, 200
add, ID = 277, 300
add, ID = 278, 200
add, ID = 279, 200
add, ID = 280, 100
add, ID = 281, 200
add, ID = 282, 200
add, ID = 283, 200
add, ID = 284, 200
add, ID = 285, 200
add, ID = 286, 200
add, ID = 287, 100
add, ID = 288, 100
add, ID = 289, 200
add, ID = 290, 100
add, ID = 291, 200
add, ID = 292, 200
add, ID = 293, 200
add, ID = 294, 200
add, ID = 295, 100
add, ID = 296, 300
add, ID = 297, 200
add, ID = 298, 200
add, ID = 299, 200
add, ID = 300, 100
add, ID = 301, 200
add, ID = 302, 200
add, ID = 303, 200
add, ID = 304, 100
add, ID = 305, 100
add, ID = 306, 200
add, ID = 307, 100
add, ID = 308, 100
add, ID = 309, 100
add, ID = 310, 200
add, ID = 311, 100
add, ID = 312, 200
add, ID = 313, 100
add, ID = 314, 200
add, ID = 315, 100
add, ID = 316, 100
add, ID = 317, 300
add, ID = 318, 200
add, ID = 319, 200
add, ID = 320, 400
add, ID = 321, 200
add, ID = 322, 200
add, ID = 323, 200
add, ID = 324, 200
add, ID = 325, 200
add, ID = 326, 100
add, ID = 327, 200
add, ID = 328, 100
add, ID = 329, 200
add, ID = 330, 200
add, ID = 331, 100
add, ID = 332, 400
add, ID = 333, 200
add, ID = 334, 100
add, ID = 335, 200
add, ID = 336, 200
add, ID = 337, 19800
add, ID = 338, 200
add, ID = 339, 200
add, ID = 340, 300
add, ID = 341, 100
add, ID = 342, 200
add, ID = 343, 200
add, ID = 344, 100
add, ID = 345, 100
add, ID = 346, 100
add, ID = 347, 200
add, ID = 348, 400
add, ID = 349, 200
add, ID = 350, 100
add, ID = 351, 200
add, ID = 352, 100
add, ID = 353, 200
add, ID = 354, 200
add, ID = 355, 200
add, ID = 356, 100
add, ID = 357, 200
add, ID = 358, 100
add, ID = 359, 200
add, ID = 360, 200
add, ID = 361, 300
add, ID = 362, 200
add, ID = 363, 300
add, ID = 364, 200
add, ID = 365, 400
add, ID = 366, 200
add, ID = 367, 2400
add, ID = 368, 500
add, ID = 369, 100
add, ID = 370, 200
add, ID = 371, 100
add, ID = 372, 100
add, ID = 373, 100
add, ID = 374, 100
add, ID = 375, 100
add, ID = 376, 100
add, ID = 377, 1200
add, ID = 378, 100
add, ID = 379, 300
add, ID = 380, 200
add, ID = 381, 100
add, ID = 382, 200
add, ID = 383, 200
add, ID = 384, 100
add, ID = 385, 1700
add, ID = 386, 7300
add, ID = 387, 0
add, ID = 388, 100
add, ID = 389, 100
add, ID = 390, 0
add, ID = 391, 0
add, ID = 392, 0
add, ID = 393, 100
add, ID = 394, 0
add, ID = 395, 100
add, ID = 396, 100
add, ID = 397, 100
add, ID = 398, 0
add, ID = 399, 100
add, ID = 400, 0
add, ID = 401, 0
add, ID = 402, 100
add, ID = 403, 0
add, ID = 404, 0
add, ID = 405, 0
add, ID = 406, 0
add, ID = 407, 0
add, ID = 408, 0
add, ID = 409, 0
add, ID = 410, 0
add, ID = 411, 0
add, ID = 412, 100
add, ID = 413, 0
add, ID = 414, 0
add, ID = 415, 100
add, ID = 416, 0
add, ID = 417, 100
add, ID = 418, 0
add, ID = 419, 100
add, ID = 420, 0
add, ID = 421, 0
add, ID = 422, 0
add, ID = 423, 0
add, ID = 424, 100
add, ID = 425, 0
add, ID = 426, 0
add, ID = 427, 0
add, ID = 428, 100
add, ID = 429, 100
add, ID = 430, 0
add, ID = 431, 100
add, ID = 432, 100
add, ID = 433, 0
add, ID = 434, 0
add, ID = 435, 100
add, ID = 436, 0
add, ID = 437, 0
add, ID = 438, 100
add, ID = 439, 100
add, ID = 440, 0
add, ID = 441, 0
add, ID = 442, 0
add, ID = 443, 100
add, ID = 444, 0
add, ID = 445, 100
add, ID = 446, 100
add, ID = 447, 0
add, ID = 448, 0
add, ID = 449, 0
add, ID = 450, 0
add, ID = 451, 100
add, ID = 452, 100
add, ID = 453, 100
add, ID = 454, 100
add, ID = 455, 100
add, ID = 456, 0
add, ID = 457, 0
add, ID = 458, 0
add, ID = 459, 0
add, ID = 460, 0
add, ID = 461, 100
add, ID = 462, 100
add, ID = 463, 100
add, ID = 464, 100
add, ID = 465, 0
add, ID = 466, 0
add, ID = 467, 0
add, ID = 468, 100
add, ID = 469, 100
add, ID = 470, 0
add, ID = 471, 0
add, ID = 472, 0
add, ID = 473, 0
add, ID = 474, 0
add, ID = 475, 0
add, ID = 476, 0
add, ID = 477, 0
add, ID = 478, 100
add, ID = 479, 0
add, ID = 480, 100
add, ID = 481, 100
add, ID = 482, 100
add, ID = 483, 100
add, ID = 484, 0
add, ID = 485, 0
add, ID = 486, 0
add, ID = 487, 0
add, ID = 488, 0
add, ID = 489, 0
add, ID = 490, 100
add, ID = 491, 0
add, ID = 492, 0
add, ID = 493, 0
add, ID = 494, 100
add, ID = 495, 100
add, ID = 496, 0
add, ID = 497, 100
add, ID = 498, 100
add, ID = 499, 0
add, ID = 500, 100
add, ID = 501, 0
add, ID = 502, 0
add, ID = 503, 100
add, ID = 504, 0
add, ID = 505, 0
add, ID = 506, 0
add, ID = 507, 0
add, ID = 508, 0
add, ID = 509, 0
add, ID = 510, 100
add, ID = 511, 0
add, ID = 512, 0
add, ID = 513, 0
add, ID = 514, 0
add, ID = 515, 0
add, ID = 516, 0
add, ID = 517, 100
add, ID = 518, 100
add, ID = 519, 0
add, ID = 520, 0
add, ID = 521, 0
add, ID = 522, 0
add, ID = 523, 100
add, ID = 524, 100
add, ID = 525, 0
add, ID = 526, 100
add, ID = 527, 0
add, ID = 528, 0
add, ID = 529, 100
add, ID = 530, 0
add, ID = 531, 0
add, ID = 532, 0
add, ID = 533, 0
add, ID = 534, 100
add, ID = 535, 0
add, ID = 536, 0
add, ID = 537, 0
add, ID = 538, 0
add, ID = 539, 0
add, ID = 540, 0
add, ID = 541, 0
add, ID = 542, 0
add, ID = 543, 0
add, ID = 544, 0
add, ID = 545, 0
add, ID = 546, 0
add, ID = 547, 100
add, ID = 548, 100
add, ID = 549, 0
add, ID = 550, 0
add, ID = 551, 0
add, ID = 552, 0
add, ID = 553, 0
add, ID = 554, 100
add, ID = 555, 100
add, ID = 556, 100
add, ID = 557, 0
add, ID = 558, 0
add, ID = 559, 100
add, ID = 560, 0
add, ID = 561, 0
add, ID = 562, 0
add, ID = 563, 0
add, ID = 564, 0
add, ID = 565, 0
add, ID = 566, 100
add, ID = 567, 100
add, ID = 568, 0
add, ID = 569, 100
add, ID = 570, 0
add, ID = 571, 0
add, ID = 572, 0
add, ID = 573, 0
add, ID = 574, 100
add, ID = 575, 0
add, ID = 576, 0
add, ID = 577, 0
add, ID = 578, 0
add, ID = 579, 0
add, ID = 580, 0
add, ID = 581, 0
add, ID = 582, 0
add, ID = 583, 0
add, ID = 584, 100
add, ID = 585, 0
add, ID = 586, 100
add, ID = 587, 100
add, ID = 588, 0
add, ID = 589, 100
add, ID = 590, 0
add, ID = 591, 0
add, ID = 592, 100
add, ID = 593, 0
add, ID = 594, 100
add, ID = 595, 0
add, ID = 596, 0
add, ID = 597, 0
add, ID = 598, 0
add, ID = 599, 0
add, ID = 600, 0
add, ID = 601, 0
add, ID = 602, 100
add, ID = 603, 100
add, ID = 604, 0
add, ID = 605, 0
add, ID = 606, 100
add, ID = 607, 0
add, ID = 608, 0
add, ID = 609, 0
add, ID = 610, 100
add, ID = 611, 0
add, ID = 612, 0
add, ID = 613, 0
add, ID = 614, 0
add, ID = 615, 0
add, ID = 616, 0
add, ID = 617, 0
add, ID = 618, 0
add, ID = 619, 0
add, ID = 620, 0
add, ID = 621, 100
add, ID = 622, 100
add, ID = 623, 100
add, ID = 624, 100
add, ID = 625, 100
add, ID = 626, 0
add, ID = 627, 0
add, ID = 628, 100
add, ID = 629, 0
add, ID = 630, 0
add, ID = 631, 0
add, ID = 632, 100
add, ID = 633, 0
add, ID = 634, 100
add, ID = 635, 0
add, ID = 636, 0
add, ID = 637, 0
add, ID = 638, 0
add, ID = 639, 0
add, ID = 640, 0
add, ID = 641, 0
add, ID = 642, 100
add, ID = 643, 0
add, ID = 644, 0
add, ID = 645, 0
add, ID = 646, 0
add, ID = 647, 0
add, ID = 648, 0
add, ID = 649, 0
add, ID = 650, 100
add, ID = 651, 0
add, ID = 652, 100
add, ID = 653, 100
add, ID = 654, 100
add, ID = 655, 100
add, ID = 656, 0
add, ID = 657, 100
add, ID = 658, 0
add, ID = 659, 0
add, ID = 660, 0
add, ID = 661, 0
add, ID = 662, 100
add, ID = 663, 0
add, ID = 664, 0
add, ID = 665, 100
add, ID = 666, 0
add, ID = 667, 0
add, ID = 668, 0
add, ID = 669, 0
add, ID = 670, 100
add, ID = 671, 100
add, ID = 672, 100
add, ID = 673, 100
add, ID = 674, 0
add, ID = 675, 0
add, ID = 676, 0
add, ID = 677, 0
add, ID = 678, 0
add, ID = 679, 100
add, ID = 680, 0
add, ID = 681, 0
add, ID = 682, 0
add, ID = 683, 0
add, ID = 684, 0
add, ID = 685, 100
add, ID = 686, 0
add, ID = 687, 0
add, ID = 688, 0
add, ID = 689, 100
add, ID = 690, 0
add, ID = 691, 100
add, ID = 692, 0
add, ID = 693, 100
add, ID = 694, 100
add, ID = 695, 0
add, ID = 696, 0
add, ID = 697, 0
add, ID = 698, 100
add, ID = 699, 0
add, ID = 700, 0
add, ID = 701, 0
add, ID = 702, 100
add, ID = 703, 100
add, ID = 704, 0
add, ID = 705, 100
add, ID = 706, 0
add, ID = 707, 0
add, ID = 708, 0
add, ID = 709, 0
add, ID = 710, 100
add, ID = 711, 0
add, ID = 712, 0
add, ID = 713, 0
add, ID = 714, 0
add, ID = 715, 0
add, ID = 716, 0
add, ID = 717, 0
add, ID = 718, 0
add, ID = 719, 0
add, ID = 720, 0
add, ID = 721, 0
add, ID = 722, 0
add, ID = 723, 0
add, ID = 724, 0
add, ID = 725, 0
add, ID = 726, 100
add, ID = 727, 0
add, ID = 728, 0
add, ID = 729, 0
add, ID = 730, 0
add, ID = 731, 0
add, ID = 732, 100
add, ID = 733, 0
add, ID = 734, 0
add, ID = 735, 0
add, ID = 736, 0
add, ID = 737, 100
add, ID = 738, 100
add, ID = 739, 0
add, ID = 740, 100
add, ID = 741, 0
add, ID = 742, 0
add, ID = 743, 0
add, ID = 744, 100
add, ID = 745, 0
add, ID = 746, 0
add, ID = 747, 0
add, ID = 748, 100
add, ID = 749, 0
add, ID = 750, 0
add, ID = 751, 100
add, ID = 752, 100
add, ID = 753, 0
add, ID = 754, 100
add, ID = 755, 0
add, ID = 756, 0
add, ID = 757, 0
add, ID = 758, 0
add, ID = 759, 0
add, ID = 760, 0
add, ID = 761, 100
add, ID = 762, 0
add, ID = 763, 0
add, ID = 764, 0
add, ID = 765, 0
add, ID = 766, 100
add, ID = 767, 100
add, ID = 768, 100
add, ID = 769, 0
add, ID = 770, 0
add, ID = 771, 0
add, ID = 772, 0
add, ID = 773, 100
add, ID = 774, 0
add, ID = 775, 0
add, ID = 776, 0
add, ID = 777, 0
add, ID = 778, 0
add, ID = 779, 100
add, ID = 780, 0
add, ID = 781, 100
add, ID = 782, 0
add, ID = 783, 0
add, ID = 784, 0
add, ID = 785, 0
add, ID = 786, 0
add, ID = 787, 0
add, ID = 788, 0
add, ID = 789, 0
add, ID = 790, 100
add, ID = 791, 0
add, ID = 792, 0
add, ID = 793, 0
add, ID = 794, 0
add, ID = 795, 100
add, ID = 796, 0
add, ID = 797, 0
add, ID = 798, 100
add, ID = 799, 0
add, ID = 800, 100
add, ID = 801, 0
add, ID = 802, 100
add, ID = 803, 100
add, ID = 804, 100
add, ID = 805, 0
add, ID = 806, 100
add, ID = 807, 0
add, ID = 808, 100
add, ID = 809, 0
add, ID = 810, 0
add, ID = 811, 100
add, ID = 812, 0
add, ID = 813, 0
add, ID = 814, 100
add, ID = 815, 0
add, ID = 816, 100
add, ID = 817, 0
add, ID = 818, 0
add, ID = 819, 100
add, ID = 820, 100
add, ID = 821, 100
add, ID = 822, 0
add, ID = 823, 100
add, ID = 824, 0
add, ID = 825, 100
add, ID = 826, 0
add, ID = 827, 0
add, ID = 828, 0
add, ID = 829, 0
add, ID = 830, 0
add, ID = 831, 0
add, ID = 832, 0
add, ID = 833, 0
add, ID = 834, 0
add, ID = 835, 0
add, ID = 836, 100
add, ID = 837, 0
add, ID = 838, 0
add, ID = 839, 0
add, ID = 840, 0
add, ID = 841, 100
add, ID = 842, 0
add, ID = 843, 0
add, ID = 844, 0
add, ID = 845, 0
add, ID = 846, 0
add, ID = 847, 0
add, ID = 848, 0
add, ID = 849, 100
add, ID = 850, 0
add, ID = 851, 0
add, ID = 852, 100
add, ID = 853, 0
add, ID = 854, 0
add, ID = 855, 0
add, ID = 856, 0
add, ID = 857, 100
add, ID = 858, 100
add, ID = 859, 0
add, ID = 860, 0
add, ID = 861, 100
add, ID = 862, 0
add, ID = 863, 0
add, ID = 864, 0
add, ID = 865, 0
add, ID = 866, 100
add, ID = 867, 0
add, ID = 868, 0
add, ID = 869, 0
add, ID = 870, 0
add, ID = 871, 100
add, ID = 872, 100
add, ID = 873, 0
add, ID = 874, 100
add, ID = 875, 0
add, ID = 876, 0
add, ID = 877, 0
add, ID = 878, 0
add, ID = 879, 0
add, ID = 880, 0
add, ID = 881, 0
add, ID = 882, 0
add, ID = 883, 0
add, ID = 884, 0
add, ID = 885, 0
add, ID = 886, 0
add, ID = 887, 100
add, ID = 888, 0
add, ID = 889, 100
add, ID = 890, 100
add, ID = 891, 0
add, ID = 892, 100
add, ID = 893, 0
add, ID = 894, 0
add, ID = 895, 0
add, ID = 896, 100
add, ID = 897, 0
add, ID = 898, 0
add, ID = 899, 0
add, ID = 900, 100
add, ID = 901, 0
add, ID = 902, 100
add, ID = 903, 0
add, ID = 904, 100
add, ID = 905, 0
add, ID = 906, 0
add, ID = 907, 0
add, ID = 908, 0
add, ID = 909, 100
add, ID = 910, 0
add, ID = 911, 100
add, ID = 912, 100
add, ID = 913, 0
add, ID = 914, 0
add, ID = 915, 0
add, ID = 916, 100
add, ID = 917, 0
add, ID = 918, 100
add, ID = 919, 100
add, ID = 920, 0
add, ID = 921, 0
add, ID = 922, 0
add, ID = 923, 0
add, ID = 924, 0
add, ID = 925, 0
add, ID = 926, 0
add, ID = 927, 100
add, ID = 928, 0
add, ID = 929, 0
add, ID = 930, 0
add, ID = 931, 100
add, ID = 932, 0
add, ID = 933, 100
add, ID = 934, 100
add, ID = 935, 0
add, ID = 936, 100
add, ID = 937, 0
add, ID = 938, 100
add, ID = 939, 0
add, ID = 940, 100
add, ID = 941, 0
add, ID = 942, 100
add, ID = 943, 100
add, ID = 944, 0
add, ID = 945, 0
add, ID = 946, 100
add, ID = 947, 0
add, ID = 948, 0
add, ID = 949, 0
add, ID = 950, 100
add, ID = 951, 0
add, ID = 952, 100
add, ID = 953, 0
add, ID = 954, 0
add, ID = 955, 100
add, ID = 956, 100
add, ID = 957, 100
add, ID = 958, 0
add, ID = 959, 0
add, ID = 960, 0
add, ID = 961, 100
add, ID = 962, 100
add, ID = 963, 0
add, ID = 964, 0
add, ID = 965, 0
add, ID = 966, 0
add, ID = 967, 0
add, ID = 968, 0
add, ID = 969, 0
add, ID = 970, 0
add, ID = 971, 200
add, ID = 972, 0
add, ID = 973, 0
add, ID = 974, 0
add, ID = 975, 0
add, ID = 976, 0
add, ID = 977, 100
add, ID = 978, 0
add, ID = 979, 0
add, ID = 980, 0
add, ID = 981, 0
add, ID = 982, 0
add, ID = 983, 100
add, ID = 984, 0
add, ID = 985, 100
add, ID = 986, 0
add, ID = 987, 0
add, ID = 988, 100
add, ID = 989, 100
add, ID = 990, 0
add, ID = 991, 0
add, ID = 992, 0
add, ID = 993, 0
add, ID = 994, 0
add, ID = 995, 100
add, ID = 996, 0
add, ID = 997, 0
add, ID = 998, 100
add, ID = 999, 0
add, ID = 1000, 0
remove, ID = 954, 3600
remove, ID = 111, 7400
remove, ID = 164, 6400
remove, ID = 46, 800
remove, ID = 539, 23800
remove, ID = 190, 5000
remove, ID = 380, 14500
remove, ID = 934, 2000
remove, ID = 541, 6600
remove, ID = 621, 3300
remove, ID = 381, 4600
remove, ID = 589, 5800
remove, ID = 960, 400
remove, ID = 933, 700
remove, ID = 747, 2200
remove, ID = 369, 4300
remove, ID = 799, 2200
remove, ID = 643, 2900
remove, ID = 110, 1500
remove, ID = 628, 3100
remove, ID = 284, 3800
remove, ID = 524, 4300
remove, ID = 97, 1300
remove, ID = 680, 2600
remove, ID = 906, 1300
remove, ID = 831, 1400
remove, ID = 869, 1000
remove, ID = 341, 4000
remove, ID = 230, 2700
remove, ID = 807, 2000
remove, ID = 933, 500
remove, ID = 866, 1100
remove, ID = 903, 700
remove, ID = 99, 1300
remove, ID = 288, 3400
remove, ID = 716, 2400
remove, ID = 504, 5400
remove, ID = 252, 3000
remove, ID = 716, 2200
remove, ID = 839, 1200
remove, ID = 285, 3900
remove, ID = 879, 900
remove, ID = 201, 2500
remove, ID = 207, 2400
remove, ID = 913, 700
remove, ID = 473, 14200
remove, ID = 67, 1000
remove, ID = 253, 3000
remove, ID = 486, 4500
remove, ID = 232, 3200
remove, ID = 215, 2600
remove, ID = 567, 3400
remove, ID = 668, 2500
remove, ID = 432, 5300
remove, ID = 25, 400
remove, ID = 7, 300
remove, ID = 816, 1300
remove, ID = 721, 2000
remove, ID = 894, 600
remove, ID = 118, 1600
remove, ID = 846, 1500
remove, ID = 439, 5000
remove, ID = 926, 400
remove, ID = 583, 3100
remove, ID = 361, 4700
remove, ID = 545, 3400
remove, ID = 476, 4100
remove, ID = 10, 700
remove, ID = 659, 2400
remove, ID = 36, 700
remove, ID = 568, 3200
remove, ID = 43, 700
remove, ID = 354, 4300
remove, ID = 425, 6800
remove, ID = 295, 3700
remove, ID = 173, 2200
remove, ID = 377, 6100
remove, ID = 208, 4100
remove, ID = 422, 4600
remove, ID = 702, 7900
remove, ID = 733, 8700
remove, ID = 768, 1300
remove, ID = 590, 3000
remove, ID = 63, 800
remove, ID = 647, 2900
remove, ID = 575, 2700
remove, ID = 521, 3400
remove, ID = 812, 900
remove, ID = 559, 39300
remove, ID = 286, 3200
remove, ID = 297, 3100
remove, ID = 615, 3600
remove, ID = 415, 4800
remove, ID = 880, 600
remove, ID = 610, 2600
remove, ID = 498, 4500
remove, ID = 774, 2300
remove, ID = 605, 2900
remove, ID = 158, 1800
remove, ID = 160, 1700
addTotalCount = 1000
addTotalTime = 134400
addMedianTime = 100
removeTotalCount = 100
removeTotalTime = 366700
removeMedianTime = 2800
Finish program: 22.04.2025 22:19:42

Regression addTotalTime 100→1000: +383,5%
Regression addMedianTime 100→1000: -50,0%
Regression removeTotalTime 100→1000: +1 355,2%
Regression removeMedianTime 100→1000: +107,4%
