2025-04-22 17:01:14 Program started, user=admin
2025-04-22 17:01:14 Autotests start
2025-04-22 17:01:14 ERROR: Load: students.db (Не удается найти указанный файл)
2025-04-22 17:01:14 Test empty load: OK
2025-04-22 17:01:14 Autotests end
2025-04-22 17:03:54 Программа запущена пользователем admin
2025-04-22 17:03:54 Autotests start
2025-04-22 17:03:54 ERROR: Load: students.db (Не удается найти указанный файл)
2025-04-22 17:03:54 Test empty load: OK
2025-04-22 17:03:54 Autotests end
2025-04-22 17:06:18 Программа запущена пользователем admin
2025-04-22 17:06:18 Autotests start
2025-04-22 17:06:18 ERROR: Load: students.db (Не удается найти указанный файл)
2025-04-22 17:06:18 Test empty load: OK
2025-04-22 17:06:18 Autotests end
2025-04-22 17:07:21 Программа запущена пользователем admin
2025-04-22 17:07:21 Autotests start
2025-04-22 17:07:21 Создан новый файл БД: students.db
2025-04-22 17:07:22 Load DB: 0
2025-04-22 17:07:22 Test empty load: OK
2025-04-22 17:07:22 Autotests end
2025-04-22 17:07:47 Успешный вход: admin
2025-04-22 17:07:47 Режим отладки включен
2025-04-22 17:08:13 Add ID=1
2025-04-22 17:08:23 List all: 1
2025-04-22 17:08:30 Пункт меню: Отладка
2025-04-22 17:08:37 Пункт меню: Автотесты
2025-04-22 17:08:37 Autotests start
2025-04-22 17:08:37 Создан новый файл БД: students.db
2025-04-22 17:08:37 Load DB: 0
2025-04-22 17:08:37 Test empty load: OK
2025-04-22 17:08:37 Autotests end
2025-04-22 17:09:08 Пункт меню: Отладка
2025-04-22 17:16:35 Программа запущена пользователем admin
2025-04-22 17:16:36 Autotests start
2025-04-22 17:16:36 Создан новый файл БД: students.db
2025-04-22 17:16:36 Load DB: 0
2025-04-22 17:16:36 Test empty load: OK
2025-04-22 17:16:36 Создан новый файл БД: students.db
2025-04-22 17:16:36 Add ID=1
2025-04-22 17:16:36 Save DB: 1
2025-04-22 17:16:36 Load DB: 1
2025-04-22 17:16:36 Test put/save/load: OK
2025-04-22 17:16:36 Change ID=1
2025-04-22 17:16:36 Test change: OK
2025-04-22 17:16:36 Del ID=1
2025-04-22 17:16:36 Test delete: OK
2025-04-22 17:16:36 Autotests end
2025-04-22 17:17:33 Успешный вход: admin
2025-04-22 17:17:33 Режим отладки включен
2025-04-22 17:17:37 Пункт меню: Автотесты
2025-04-22 17:17:37 Autotests start
2025-04-22 17:17:37 Создан новый файл БД: students.db
2025-04-22 17:17:37 Load DB: 0
2025-04-22 17:17:37 Test empty load: OK
2025-04-22 17:17:37 Создан новый файл БД: students.db
2025-04-22 17:17:37 Add ID=1
2025-04-22 17:17:37 Save DB: 1
2025-04-22 17:17:37 Load DB: 1
2025-04-22 17:17:37 Test put/save/load: OK
2025-04-22 17:17:37 Change ID=1
2025-04-22 17:17:37 Test change: OK
2025-04-22 17:17:37 Del ID=1
2025-04-22 17:17:37 Test delete: OK
2025-04-22 17:17:37 Autotests end
2025-04-22 17:18:43 Программа запущена пользователем admin
2025-04-22 22:20:59 Программа запущена пользователем admin
2025-04-22 22:21:00 Autotests start
2025-04-22 22:21:00 Создан новый файл БД: students.db
2025-04-22 22:21:00 Load DB: 0
2025-04-22 22:21:00 Test empty load: OK
2025-04-22 22:21:00 Создан новый файл БД: students.db
2025-04-22 22:21:00 Add ID=1
2025-04-22 22:21:00 Save DB: 1
2025-04-22 22:21:00 Load DB: 1
2025-04-22 22:21:00 Test put/save/load: OK
2025-04-22 22:21:00 Change ID=1
2025-04-22 22:21:00 Test change: OK
2025-04-22 22:21:00 Del ID=1
2025-04-22 22:21:00 Test delete: OK
2025-04-22 22:21:00 Autotests end
2025-04-22 22:21:04 Успешный вход: admin
2025-04-22 22:21:04 Режим отладки включен
2025-04-22 22:21:08 Пункт меню: Автотесты
2025-04-22 22:21:08 Autotests start
2025-04-22 22:21:08 Создан новый файл БД: students.db
2025-04-22 22:21:08 Load DB: 0
2025-04-22 22:21:08 Test empty load: OK
2025-04-22 22:21:08 Создан новый файл БД: students.db
2025-04-22 22:21:08 Add ID=1
2025-04-22 22:21:08 Save DB: 1
2025-04-22 22:21:08 Load DB: 1
2025-04-22 22:21:08 Test put/save/load: OK
2025-04-22 22:21:08 Change ID=1
2025-04-22 22:21:08 Test change: OK
2025-04-22 22:21:08 Del ID=1
2025-04-22 22:21:08 Test delete: OK
2025-04-22 22:21:08 Autotests end
