Start program: 22.04.2025 16:34:32
ArrayList
add, ID = 1, 40500
add, ID = 2, 30900
add, ID = 3, 22200
add, ID = 4, 58100
add, ID = 5, 20600
add, ID = 6, 19000
add, ID = 7, 17000
add, ID = 8, 16500
add, ID = 9, 43200
add, ID = 10, 24400
add, ID = 11, 17100
add, ID = 12, 21500
add, ID = 13, 30600
add, ID = 14, 38400
add, ID = 15, 22300
add, ID = 16, 19200
add, ID = 17, 38000
add, ID = 18, 33800
add, ID = 19, 26700
add, ID = 20, 21000
add, ID = 21, 18000
add, ID = 22, 24200
add, ID = 23, 35900
add, ID = 24, 29200
add, ID = 25, 30200
add, ID = 26, 22400
add, ID = 27, 29400
add, ID = 28, 23200
add, ID = 29, 23300
add, ID = 30, 21500
add, ID = 31, 36700
add, ID = 32, 17400
add, ID = 33, 36300
add, ID = 34, 26500
add, ID = 35, 27400
add, ID = 36, 45200
add, ID = 37, 35100
add, ID = 38, 57700
add, ID = 39, 115300
add, ID = 40, 43300
add, ID = 41, 29200
add, ID = 42, 38100
add, ID = 43, 22600
add, ID = 44, 55500
add, ID = 45, 26400
add, ID = 46, 45000
add, ID = 47, 32300
add, ID = 48, 25500
add, ID = 49, 60200
add, ID = 50, 25700
add, ID = 51, 22000
add, ID = 52, 32700
add, ID = 53, 25800
add, ID = 54, 46600
add, ID = 55, 36200
add, ID = 56, 30900
add, ID = 57, 21100
add, ID = 58, 24800
add, ID = 59, 33200
add, ID = 60, 48000
add, ID = 61, 31000
add, ID = 62, 34700
add, ID = 63, 24600
add, ID = 64, 21600
add, ID = 65, 27100
add, ID = 66, 16600
add, ID = 67, 19500
add, ID = 68, 16300
add, ID = 69, 14800
add, ID = 70, 14600
add, ID = 71, 17100
add, ID = 72, 22800
add, ID = 73, 24800
add, ID = 74, 32500
add, ID = 75, 81000
add, ID = 76, 33300
add, ID = 77, 23300
add, ID = 78, 67300
add, ID = 79, 35900
add, ID = 80, 27000
add, ID = 81, 35500
add, ID = 82, 27900
add, ID = 83, 54800
add, ID = 84, 25800
add, ID = 85, 35500
add, ID = 86, 58500
add, ID = 87, 21600
add, ID = 88, 24700
add, ID = 89, 24500
add, ID = 90, 34700
add, ID = 91, 35400
add, ID = 92, 29000
add, ID = 93, 22800
add, ID = 94, 40900
add, ID = 95, 21600
add, ID = 96, 20600
add, ID = 97, 18600
add, ID = 98, 17000
add, ID = 99, 16000
add, ID = 100, 15900
remove, ID = 58, 2900
remove, ID = 20, 800
remove, ID = 5, 500
remove, ID = 81, 500
remove, ID = 66, 700
remove, ID = 82, 400
remove, ID = 90, 900
remove, ID = 39, 500
remove, ID = 49, 400
remove, ID = 55, 400
addTotalCount = 100
addTotalTime = 3108100
addMedianTime = 26850
removeTotalCount = 10
removeTotalTime = 8000
removeMedianTime = 500
Finish program: 22.04.2025 16:34:32

Regression addTotalTime 10→100: +773,6%
Regression addMedianTime 10→100: -7,9%
Regression removeTotalTime 10→100: -27,3%
Regression removeMedianTime 10→100: -95,5%
