Start program: 22.04.2025 16:34:32
ArrayList
add, ID = 1, 23200
add, ID = 2, 23800
add, ID = 3, 67500
add, ID = 4, 22400
add, ID = 5, 63400
add, ID = 6, 30000
add, ID = 7, 29200
add, ID = 8, 26800
add, ID = 9, 34500
add, ID = 10, 72000
add, ID = 11, 75000
add, ID = 12, 23100
add, ID = 13, 18100
add, ID = 14, 16500
add, ID = 15, 45100
add, ID = 16, 22700
add, ID = 17, 21400
add, ID = 18, 28300
add, ID = 19, 23800
add, ID = 20, 20000
add, ID = 21, 43700
add, ID = 22, 39600
add, ID = 23, 28000
add, ID = 24, 21500
add, ID = 25, 28100
add, ID = 26, 62600
add, ID = 27, 19500
add, ID = 28, 17000
add, ID = 29, 13200
add, ID = 30, 19700
add, ID = 31, 19100
add, ID = 32, 15200
add, ID = 33, 13500
add, ID = 34, 18100
add, ID = 35, 84300
add, ID = 36, 21400
add, ID = 37, 15500
add, ID = 38, 13900
add, ID = 39, 13800
add, ID = 40, 13500
add, ID = 41, 13300
add, ID = 42, 14600
add, ID = 43, 12500
add, ID = 44, 15800
add, ID = 45, 22900
add, ID = 46, 18400
add, ID = 47, 19300
add, ID = 48, 19000
add, ID = 49, 16200
add, ID = 50, 12600
add, ID = 51, 12800
add, ID = 52, 11800
add, ID = 53, 11600
add, ID = 54, 16200
add, ID = 55, 21500
add, ID = 56, 11500
add, ID = 57, 11300
add, ID = 58, 11100
add, ID = 59, 26000
add, ID = 60, 14800
add, ID = 61, 14600
add, ID = 62, 11400
add, ID = 63, 11200
add, ID = 64, 18500
add, ID = 65, 11000
add, ID = 66, 10600
add, ID = 67, 10300
add, ID = 68, 11000
add, ID = 69, 10700
add, ID = 70, 10700
add, ID = 71, 10200
add, ID = 72, 11200
add, ID = 73, 11600
add, ID = 74, 36100
add, ID = 75, 22800
add, ID = 76, 28900
add, ID = 77, 22400
add, ID = 78, 19300
add, ID = 79, 16600
add, ID = 80, 22700
add, ID = 81, 26400
add, ID = 82, 18300
add, ID = 83, 13500
add, ID = 84, 21700
add, ID = 85, 16400
add, ID = 86, 14500
add, ID = 87, 30900
add, ID = 88, 20400
add, ID = 89, 27600
add, ID = 90, 21800
add, ID = 91, 22400
add, ID = 92, 18500
add, ID = 93, 13400
add, ID = 94, 16500
add, ID = 95, 13400
add, ID = 96, 12800
add, ID = 97, 17900
add, ID = 98, 17200
add, ID = 99, 18100
add, ID = 100, 18000
add, ID = 101, 18600
add, ID = 102, 20300
add, ID = 103, 22100
add, ID = 104, 18600
add, ID = 105, 12300
add, ID = 106, 16100
add, ID = 107, 14200
add, ID = 108, 15600
add, ID = 109, 19900
add, ID = 110, 13800
add, ID = 111, 16800
add, ID = 112, 14700
add, ID = 113, 16300
add, ID = 114, 12700
add, ID = 115, 10900
add, ID = 116, 11400
add, ID = 117, 11600
add, ID = 118, 10800
add, ID = 119, 11400
add, ID = 120, 11300
add, ID = 121, 11500
add, ID = 122, 10600
add, ID = 123, 22600
add, ID = 124, 16800
add, ID = 125, 12600
add, ID = 126, 19200
add, ID = 127, 35800
add, ID = 128, 17700
add, ID = 129, 14900
add, ID = 130, 13400
add, ID = 131, 11700
add, ID = 132, 22800
add, ID = 133, 20100
add, ID = 134, 19500
add, ID = 135, 14300
add, ID = 136, 25100
add, ID = 137, 18800
add, ID = 138, 17000
add, ID = 139, 17500
add, ID = 140, 17300
add, ID = 141, 17100
add, ID = 142, 26000
add, ID = 143, 27000
add, ID = 144, 13000
add, ID = 145, 14300
add, ID = 146, 15200
add, ID = 147, 17500
add, ID = 148, 14500
add, ID = 149, 11500
add, ID = 150, 9900
add, ID = 151, 10800
add, ID = 152, 24400
add, ID = 153, 11900
add, ID = 154, 10700
add, ID = 155, 9700
add, ID = 156, 52500
add, ID = 157, 30800
add, ID = 158, 44300
add, ID = 159, 27200
add, ID = 160, 21500
add, ID = 161, 23500
add, ID = 162, 25300
add, ID = 163, 13800
add, ID = 164, 17900
add, ID = 165, 21100
add, ID = 166, 15500
add, ID = 167, 11700
add, ID = 168, 10300
add, ID = 169, 9900
add, ID = 170, 10400
add, ID = 171, 19300
add, ID = 172, 10600
add, ID = 173, 12800
add, ID = 174, 16100
add, ID = 175, 17100
add, ID = 176, 16900
add, ID = 177, 17000
add, ID = 178, 17000
add, ID = 179, 17300
add, ID = 180, 17400
add, ID = 181, 21300
add, ID = 182, 15900
add, ID = 183, 15100
add, ID = 184, 14700
add, ID = 185, 12000
add, ID = 186, 9200
add, ID = 187, 9100
add, ID = 188, 9100
add, ID = 189, 9900
add, ID = 190, 10400
add, ID = 191, 14100
add, ID = 192, 11200
add, ID = 193, 9900
add, ID = 194, 10100
add, ID = 195, 9700
add, ID = 196, 12300
add, ID = 197, 11600
add, ID = 198, 13200
add, ID = 199, 14500
add, ID = 200, 15400
add, ID = 201, 10300
add, ID = 202, 9200
add, ID = 203, 13400
add, ID = 204, 15300
add, ID = 205, 16300
add, ID = 206, 15900
add, ID = 207, 15500
add, ID = 208, 15300
add, ID = 209, 16000
add, ID = 210, 22500
add, ID = 211, 15400
add, ID = 212, 14900
add, ID = 213, 20200
add, ID = 214, 18400
add, ID = 215, 16900
add, ID = 216, 11900
add, ID = 217, 10400
add, ID = 218, 9400
add, ID = 219, 9700
add, ID = 220, 32300
add, ID = 221, 14300
add, ID = 222, 11100
add, ID = 223, 9700
add, ID = 224, 10900
add, ID = 225, 9000
add, ID = 226, 10300
add, ID = 227, 15900
add, ID = 228, 8900
add, ID = 229, 9900
add, ID = 230, 10500
add, ID = 231, 12500
add, ID = 232, 9600
add, ID = 233, 13600
add, ID = 234, 13000
add, ID = 235, 15700
add, ID = 236, 14200
add, ID = 237, 34100
add, ID = 238, 25900
add, ID = 239, 23100
add, ID = 240, 21600
add, ID = 241, 25800
add, ID = 242, 18200
add, ID = 243, 13900
add, ID = 244, 21800
add, ID = 245, 23500
add, ID = 246, 16800
add, ID = 247, 14300
add, ID = 248, 21500
add, ID = 249, 25800
add, ID = 250, 19800
add, ID = 251, 28700
add, ID = 252, 18000
add, ID = 253, 17000
add, ID = 254, 17200
add, ID = 255, 26800
add, ID = 256, 42700
add, ID = 257, 19500
add, ID = 258, 24500
add, ID = 259, 20200
add, ID = 260, 20300
add, ID = 261, 23900
add, ID = 262, 16600
add, ID = 263, 10700
add, ID = 264, 10300
add, ID = 265, 11000
add, ID = 266, 9600
add, ID = 267, 9900
add, ID = 268, 21700
add, ID = 269, 32700
add, ID = 270, 27200
add, ID = 271, 20200
add, ID = 272, 14800
add, ID = 273, 16700
add, ID = 274, 22400
add, ID = 275, 18200
add, ID = 276, 15800
add, ID = 277, 19000
add, ID = 278, 21900
add, ID = 279, 17600
add, ID = 280, 15300
add, ID = 281, 32500
add, ID = 282, 30400
add, ID = 283, 17700
add, ID = 284, 17100
add, ID = 285, 17600
add, ID = 286, 16300
add, ID = 287, 19200
add, ID = 288, 28700
add, ID = 289, 20300
add, ID = 290, 23600
add, ID = 291, 20300
add, ID = 292, 16600
add, ID = 293, 14100
add, ID = 294, 14000
add, ID = 295, 14700
add, ID = 296, 15200
add, ID = 297, 34800
add, ID = 298, 25300
add, ID = 299, 31000
add, ID = 300, 20900
add, ID = 301, 23000
add, ID = 302, 16000
add, ID = 303, 15800
add, ID = 304, 14600
add, ID = 305, 28900
add, ID = 306, 14900
add, ID = 307, 18600
add, ID = 308, 11300
add, ID = 309, 9500
add, ID = 310, 10100
add, ID = 311, 20800
add, ID = 312, 22800
add, ID = 313, 18900
add, ID = 314, 17000
add, ID = 315, 12600
add, ID = 316, 23400
add, ID = 317, 26600
add, ID = 318, 17500
add, ID = 319, 14700
add, ID = 320, 17000
add, ID = 321, 10700
add, ID = 322, 10900
add, ID = 323, 9600
add, ID = 324, 9000
add, ID = 325, 9600
add, ID = 326, 53300
add, ID = 327, 31500
add, ID = 328, 31400
add, ID = 329, 21400
add, ID = 330, 17700
add, ID = 331, 20600
add, ID = 332, 102600
add, ID = 333, 52600
add, ID = 334, 32300
add, ID = 335, 19800
add, ID = 336, 27400
add, ID = 337, 19500
add, ID = 338, 18700
add, ID = 339, 17500
add, ID = 340, 26000
add, ID = 341, 15300
add, ID = 342, 16700
add, ID = 343, 33200
add, ID = 344, 16500
add, ID = 345, 15500
add, ID = 346, 22500
add, ID = 347, 16800
add, ID = 348, 16500
add, ID = 349, 15900
add, ID = 350, 21900
add, ID = 351, 15900
add, ID = 352, 13300
add, ID = 353, 15000
add, ID = 354, 13600
add, ID = 355, 12800
add, ID = 356, 22600
add, ID = 357, 17500
add, ID = 358, 22200
add, ID = 359, 16500
add, ID = 360, 15500
add, ID = 361, 16100
add, ID = 362, 14500
add, ID = 363, 13500
add, ID = 364, 13100
add, ID = 365, 13100
add, ID = 366, 20500
add, ID = 367, 14600
add, ID = 368, 15700
add, ID = 369, 15300
add, ID = 370, 16900
add, ID = 371, 15500
add, ID = 372, 35000
add, ID = 373, 38200
add, ID = 374, 19200
add, ID = 375, 19500
add, ID = 376, 118500
add, ID = 377, 26400
add, ID = 378, 11500
add, ID = 379, 22600
add, ID = 380, 9800
add, ID = 381, 8800
add, ID = 382, 19400
add, ID = 383, 10900
add, ID = 384, 14600
add, ID = 385, 12900
add, ID = 386, 8500
add, ID = 387, 8400
add, ID = 388, 12200
add, ID = 389, 42800
add, ID = 390, 16500
add, ID = 391, 16500
add, ID = 392, 23000
add, ID = 393, 14800
add, ID = 394, 19400
add, ID = 395, 12400
add, ID = 396, 13300
add, ID = 397, 14600
add, ID = 398, 21900
add, ID = 399, 79400
add, ID = 400, 18000
add, ID = 401, 14000
add, ID = 402, 25700
add, ID = 403, 25300
add, ID = 404, 51200
add, ID = 405, 10600
add, ID = 406, 9200
add, ID = 407, 13400
add, ID = 408, 9300
add, ID = 409, 8400
add, ID = 410, 8300
add, ID = 411, 8800
add, ID = 412, 8200
add, ID = 413, 8300
add, ID = 414, 15800
add, ID = 415, 8900
add, ID = 416, 12000
add, ID = 417, 8000
add, ID = 418, 7900
add, ID = 419, 7900
add, ID = 420, 8000
add, ID = 421, 11200
add, ID = 422, 9500
add, ID = 423, 7800
add, ID = 424, 8700
add, ID = 425, 8400
add, ID = 426, 8000
add, ID = 427, 8000
add, ID = 428, 7700
add, ID = 429, 7800
add, ID = 430, 7700
add, ID = 431, 7800
add, ID = 432, 7900
add, ID = 433, 11400
add, ID = 434, 22100
add, ID = 435, 12900
add, ID = 436, 9600
add, ID = 437, 8500
add, ID = 438, 7900
add, ID = 439, 8200
add, ID = 440, 11300
add, ID = 441, 8500
add, ID = 442, 8200
add, ID = 443, 13200
add, ID = 444, 8100
add, ID = 445, 7600
add, ID = 446, 7500
add, ID = 447, 7800
add, ID = 448, 7400
add, ID = 449, 7700
add, ID = 450, 7800
add, ID = 451, 9000
add, ID = 452, 16600
add, ID = 453, 12000
add, ID = 454, 8000
add, ID = 455, 7800
add, ID = 456, 8000
add, ID = 457, 12700
add, ID = 458, 13100
add, ID = 459, 14500
add, ID = 460, 8800
add, ID = 461, 8100
add, ID = 462, 16700
add, ID = 463, 11000
add, ID = 464, 12400
add, ID = 465, 12000
add, ID = 466, 13300
add, ID = 467, 8600
add, ID = 468, 8100
add, ID = 469, 8100
add, ID = 470, 7800
add, ID = 471, 7600
add, ID = 472, 25900
add, ID = 473, 9400
add, ID = 474, 7700
add, ID = 475, 8000
add, ID = 476, 13400
add, ID = 477, 23600
add, ID = 478, 165500
add, ID = 479, 42800
add, ID = 480, 23500
add, ID = 481, 25600
add, ID = 482, 57300
add, ID = 483, 17400
add, ID = 484, 15900
add, ID = 485, 13400
add, ID = 486, 13100
add, ID = 487, 15200
add, ID = 488, 14500
add, ID = 489, 15100
add, ID = 490, 10800
add, ID = 491, 10300
add, ID = 492, 17200
add, ID = 493, 10500
add, ID = 494, 21500
add, ID = 495, 22300
add, ID = 496, 15000
add, ID = 497, 13300
add, ID = 498, 16700
add, ID = 499, 14900
add, ID = 500, 29500
add, ID = 501, 22900
add, ID = 502, 13100
add, ID = 503, 23500
add, ID = 504, 12800
add, ID = 505, 13000
add, ID = 506, 11900
add, ID = 507, 13000
add, ID = 508, 12300
add, ID = 509, 11900
add, ID = 510, 13800
add, ID = 511, 19700
add, ID = 512, 12700
add, ID = 513, 12100
add, ID = 514, 11100
add, ID = 515, 11800
add, ID = 516, 12700
add, ID = 517, 13900
add, ID = 518, 10900
add, ID = 519, 11100
add, ID = 520, 13100
add, ID = 521, 19000
add, ID = 522, 14900
add, ID = 523, 13600
add, ID = 524, 11400
add, ID = 525, 19100
add, ID = 526, 13200
add, ID = 527, 31900
add, ID = 528, 15500
add, ID = 529, 14400
add, ID = 530, 11400
add, ID = 531, 19400
add, ID = 532, 12600
add, ID = 533, 14100
add, ID = 534, 29600
add, ID = 535, 69500
add, ID = 536, 24600
add, ID = 537, 17100
add, ID = 538, 16900
add, ID = 539, 35100
add, ID = 540, 23500
add, ID = 541, 16100
add, ID = 542, 12600
add, ID = 543, 94500
add, ID = 544, 38400
add, ID = 545, 14200
add, ID = 546, 12600
add, ID = 547, 14600
add, ID = 548, 13200
add, ID = 549, 13100
add, ID = 550, 31500
add, ID = 551, 14000
add, ID = 552, 15800
add, ID = 553, 56000
add, ID = 554, 15900
add, ID = 555, 13800
add, ID = 556, 16800
add, ID = 557, 15300
add, ID = 558, 16400
add, ID = 559, 19300
add, ID = 560, 14300
add, ID = 561, 9600
add, ID = 562, 7600
add, ID = 563, 7000
add, ID = 564, 6700
add, ID = 565, 6500
add, ID = 566, 6700
add, ID = 567, 6900
add, ID = 568, 6700
add, ID = 569, 17700
add, ID = 570, 13500
add, ID = 571, 25700
add, ID = 572, 32000
add, ID = 573, 18300
add, ID = 574, 13700
add, ID = 575, 11600
add, ID = 576, 17100
add, ID = 577, 13000
add, ID = 578, 44600
add, ID = 579, 39100
add, ID = 580, 9600
add, ID = 581, 6800
add, ID = 582, 6500
add, ID = 583, 6500
add, ID = 584, 7300
add, ID = 585, 7600
add, ID = 586, 6100
add, ID = 587, 6200
add, ID = 588, 11500
add, ID = 589, 7500
add, ID = 590, 6300
add, ID = 591, 5800
add, ID = 592, 6200
add, ID = 593, 6500
add, ID = 594, 6100
add, ID = 595, 6200
add, ID = 596, 6100
add, ID = 597, 5900
add, ID = 598, 9400
add, ID = 599, 6000
add, ID = 600, 6200
add, ID = 601, 5800
add, ID = 602, 6400
add, ID = 603, 6000
add, ID = 604, 6200
add, ID = 605, 5900
add, ID = 606, 5900
add, ID = 607, 6000
add, ID = 608, 10300
add, ID = 609, 10200
add, ID = 610, 11300
add, ID = 611, 12900
add, ID = 612, 10100
add, ID = 613, 10800
add, ID = 614, 9800
add, ID = 615, 9300
add, ID = 616, 9800
add, ID = 617, 9000
add, ID = 618, 14600
add, ID = 619, 61500
add, ID = 620, 105200
add, ID = 621, 21000
add, ID = 622, 17000
add, ID = 623, 13200
add, ID = 624, 12700
add, ID = 625, 15400
add, ID = 626, 13700
add, ID = 627, 14200
add, ID = 628, 18300
add, ID = 629, 12700
add, ID = 630, 15000
add, ID = 631, 14200
add, ID = 632, 13800
add, ID = 633, 16900
add, ID = 634, 12900
add, ID = 635, 12200
add, ID = 636, 14300
add, ID = 637, 13300
add, ID = 638, 12300
add, ID = 639, 12900
add, ID = 640, 15900
add, ID = 641, 11900
add, ID = 642, 11000
add, ID = 643, 9200
add, ID = 644, 11400
add, ID = 645, 12800
add, ID = 646, 45400
add, ID = 647, 26800
add, ID = 648, 9700
add, ID = 649, 8500
add, ID = 650, 15400
add, ID = 651, 9200
add, ID = 652, 8900
add, ID = 653, 9000
add, ID = 654, 8400
add, ID = 655, 13800
add, ID = 656, 10100
add, ID = 657, 8100
add, ID = 658, 8100
add, ID = 659, 18200
add, ID = 660, 11600
add, ID = 661, 9100
add, ID = 662, 8900
add, ID = 663, 7800
add, ID = 664, 10300
add, ID = 665, 8500
add, ID = 666, 8800
add, ID = 667, 10200
add, ID = 668, 35100
add, ID = 669, 12200
add, ID = 670, 4300
add, ID = 671, 4900
add, ID = 672, 4000
add, ID = 673, 3800
add, ID = 674, 4200
add, ID = 675, 4100
add, ID = 676, 4400
add, ID = 677, 4600
add, ID = 678, 7000
add, ID = 679, 9900
add, ID = 680, 4900
add, ID = 681, 4000
add, ID = 682, 4100
add, ID = 683, 4400
add, ID = 684, 3900
add, ID = 685, 3900
add, ID = 686, 4300
add, ID = 687, 3900
add, ID = 688, 4300
add, ID = 689, 9900
add, ID = 690, 4100
add, ID = 691, 4500
add, ID = 692, 4100
add, ID = 693, 7900
add, ID = 694, 195200
add, ID = 695, 9300
add, ID = 696, 6400
add, ID = 697, 7500
add, ID = 698, 6100
add, ID = 699, 10600
add, ID = 700, 5500
add, ID = 701, 5200
add, ID = 702, 5400
add, ID = 703, 7000
add, ID = 704, 7600
add, ID = 705, 6500
add, ID = 706, 6200
add, ID = 707, 6500
add, ID = 708, 13900
add, ID = 709, 16500
add, ID = 710, 7100
add, ID = 711, 6800
add, ID = 712, 4000
add, ID = 713, 3700
add, ID = 714, 6200
add, ID = 715, 7000
add, ID = 716, 7800
add, ID = 717, 39400
add, ID = 718, 27200
add, ID = 719, 146000
add, ID = 720, 14300
add, ID = 721, 8600
add, ID = 722, 7800
add, ID = 723, 7000
add, ID = 724, 6300
add, ID = 725, 6300
add, ID = 726, 11100
add, ID = 727, 13100
add, ID = 728, 14700
add, ID = 729, 4000
add, ID = 730, 3600
add, ID = 731, 3300
add, ID = 732, 3900
add, ID = 733, 3500
add, ID = 734, 3700
add, ID = 735, 3700
add, ID = 736, 3100
add, ID = 737, 3300
add, ID = 738, 4000
add, ID = 739, 3100
add, ID = 740, 3100
add, ID = 741, 3500
add, ID = 742, 3200
add, ID = 743, 3700
add, ID = 744, 3300
add, ID = 745, 3200
add, ID = 746, 3400
add, ID = 747, 7200
add, ID = 748, 3800
add, ID = 749, 3600
add, ID = 750, 3400
add, ID = 751, 6700
add, ID = 752, 7100
add, ID = 753, 7000
add, ID = 754, 7600
add, ID = 755, 6500
add, ID = 756, 5900
add, ID = 757, 16900
add, ID = 758, 12800
add, ID = 759, 8400
add, ID = 760, 6700
add, ID = 761, 5300
add, ID = 762, 5400
add, ID = 763, 5400
add, ID = 764, 6700
add, ID = 765, 6900
add, ID = 766, 7500
add, ID = 767, 17100
add, ID = 768, 7600
add, ID = 769, 9900
add, ID = 770, 20300
add, ID = 771, 11000
add, ID = 772, 23500
add, ID = 773, 18700
add, ID = 774, 17500
add, ID = 775, 8800
add, ID = 776, 6600
add, ID = 777, 34200
add, ID = 778, 76100
add, ID = 779, 58000
add, ID = 780, 14200
add, ID = 781, 6700
add, ID = 782, 5700
add, ID = 783, 6200
add, ID = 784, 5900
add, ID = 785, 6200
add, ID = 786, 13100
add, ID = 787, 9300
add, ID = 788, 6800
add, ID = 789, 8700
add, ID = 790, 7500
add, ID = 791, 7200
add, ID = 792, 8200
add, ID = 793, 7500
add, ID = 794, 6900
add, ID = 795, 9000
add, ID = 796, 13600
add, ID = 797, 6300
add, ID = 798, 5500
add, ID = 799, 5500
add, ID = 800, 5200
add, ID = 801, 5700
add, ID = 802, 6500
add, ID = 803, 4000
add, ID = 804, 7200
add, ID = 805, 7100
add, ID = 806, 11400
add, ID = 807, 6800
add, ID = 808, 6100
add, ID = 809, 5700
add, ID = 810, 5600
add, ID = 811, 5600
add, ID = 812, 4900
add, ID = 813, 5500
add, ID = 814, 6000
add, ID = 815, 5400
add, ID = 816, 4200
add, ID = 817, 3300
add, ID = 818, 3500
add, ID = 819, 3100
add, ID = 820, 3800
add, ID = 821, 3600
add, ID = 822, 3200
add, ID = 823, 3400
add, ID = 824, 18200
add, ID = 825, 5000
add, ID = 826, 3500
add, ID = 827, 3300
add, ID = 828, 3700
add, ID = 829, 3400
add, ID = 830, 3200
add, ID = 831, 3500
add, ID = 832, 3200
add, ID = 833, 3400
add, ID = 834, 3400
add, ID = 835, 3400
add, ID = 836, 3300
add, ID = 837, 3700
add, ID = 838, 3400
add, ID = 839, 3800
add, ID = 840, 3400
add, ID = 841, 3400
add, ID = 842, 3600
add, ID = 843, 10000
add, ID = 844, 4800
add, ID = 845, 4000
add, ID = 846, 3800
add, ID = 847, 3600
add, ID = 848, 12800
add, ID = 849, 5700
add, ID = 850, 6100
add, ID = 851, 6700
add, ID = 852, 6000
add, ID = 853, 12400
add, ID = 854, 7100
add, ID = 855, 5100
add, ID = 856, 5100
add, ID = 857, 5700
add, ID = 858, 7000
add, ID = 859, 5800
add, ID = 860, 5500
add, ID = 861, 5800
add, ID = 862, 5400
add, ID = 863, 11300
add, ID = 864, 5400
add, ID = 865, 5500
add, ID = 866, 4900
add, ID = 867, 5400
add, ID = 868, 5600
add, ID = 869, 5100
add, ID = 870, 6500
add, ID = 871, 5200
add, ID = 872, 5300
add, ID = 873, 5600
add, ID = 874, 5400
add, ID = 875, 4900
add, ID = 876, 6300
add, ID = 877, 5200
add, ID = 878, 5100
add, ID = 879, 5200
add, ID = 880, 5000
add, ID = 881, 6100
add, ID = 882, 10500
add, ID = 883, 5700
add, ID = 884, 6100
add, ID = 885, 6500
add, ID = 886, 6000
add, ID = 887, 5900
add, ID = 888, 5700
add, ID = 889, 5800
add, ID = 890, 6000
add, ID = 891, 5000
add, ID = 892, 12400
add, ID = 893, 7400
add, ID = 894, 6400
add, ID = 895, 6400
add, ID = 896, 6000
add, ID = 897, 6100
add, ID = 898, 8700
add, ID = 899, 43700
add, ID = 900, 6400
add, ID = 901, 6300
add, ID = 902, 12200
add, ID = 903, 5400
add, ID = 904, 5200
add, ID = 905, 5100
add, ID = 906, 5500
add, ID = 907, 5600
add, ID = 908, 5500
add, ID = 909, 5500
add, ID = 910, 6200
add, ID = 911, 6000
add, ID = 912, 11500
add, ID = 913, 5000
add, ID = 914, 5300
add, ID = 915, 5600
add, ID = 916, 6500
add, ID = 917, 9700
add, ID = 918, 6700
add, ID = 919, 6400
add, ID = 920, 6000
add, ID = 921, 12600
add, ID = 922, 6600
add, ID = 923, 6900
add, ID = 924, 6900
add, ID = 925, 5700
add, ID = 926, 7800
add, ID = 927, 5100
add, ID = 928, 5000
add, ID = 929, 4700
add, ID = 930, 5500
add, ID = 931, 11100
add, ID = 932, 5300
add, ID = 933, 6100
add, ID = 934, 6700
add, ID = 935, 5700
add, ID = 936, 6800
add, ID = 937, 5300
add, ID = 938, 5200
add, ID = 939, 5200
add, ID = 940, 5100
add, ID = 941, 11500
add, ID = 942, 5600
add, ID = 943, 5300
add, ID = 944, 6500
add, ID = 945, 5100
add, ID = 946, 5800
add, ID = 947, 6400
add, ID = 948, 5600
add, ID = 949, 7300
add, ID = 950, 6300
add, ID = 951, 6400
add, ID = 952, 6100
add, ID = 953, 5800
add, ID = 954, 6500
add, ID = 955, 6200
add, ID = 956, 6400
add, ID = 957, 6400
add, ID = 958, 5700
add, ID = 959, 6200
add, ID = 960, 13700
add, ID = 961, 6000
add, ID = 962, 6500
add, ID = 963, 5700
add, ID = 964, 5500
add, ID = 965, 5800
add, ID = 966, 5700
add, ID = 967, 6000
add, ID = 968, 5200
add, ID = 969, 5000
add, ID = 970, 10100
add, ID = 971, 5400
add, ID = 972, 4500
add, ID = 973, 5600
add, ID = 974, 4800
add, ID = 975, 5300
add, ID = 976, 7000
add, ID = 977, 5900
add, ID = 978, 6400
add, ID = 979, 5200
add, ID = 980, 11400
add, ID = 981, 5400
add, ID = 982, 5700
add, ID = 983, 5600
add, ID = 984, 5700
add, ID = 985, 5700
add, ID = 986, 5700
add, ID = 987, 5600
add, ID = 988, 5300
add, ID = 989, 5500
add, ID = 990, 6000
add, ID = 991, 6000
add, ID = 992, 5100
add, ID = 993, 6100
add, ID = 994, 5400
add, ID = 995, 5500
add, ID = 996, 6500
add, ID = 997, 8300
add, ID = 998, 6700
add, ID = 999, 12200
add, ID = 1000, 7300
remove, ID = 154, 4500
remove, ID = 313, 1100
remove, ID = 431, 700
remove, ID = 723, 600
remove, ID = 286, 700
remove, ID = 125, 1100
remove, ID = 674, 700
remove, ID = 401, 800
remove, ID = 618, 600
remove, ID = 777, 500
remove, ID = 43, 1100
remove, ID = 289, 800
remove, ID = 868, 600
remove, ID = 744, 600
remove, ID = 539, 900
remove, ID = 545, 800
remove, ID = 199, 700
remove, ID = 20, 1000
remove, ID = 482, 700
remove, ID = 915, 600
remove, ID = 318, 700
remove, ID = 699, 700
remove, ID = 712, 700
remove, ID = 192, 1100
remove, ID = 386, 700
remove, ID = 815, 400
remove, ID = 856, 500
remove, ID = 417, 800
remove, ID = 77, 1200
remove, ID = 263, 800
remove, ID = 547, 600
remove, ID = 857, 500
remove, ID = 79, 1000
remove, ID = 255, 800
remove, ID = 360, 900
remove, ID = 377, 700
remove, ID = 479, 600
remove, ID = 953, 600
remove, ID = 606, 700
remove, ID = 899, 400
remove, ID = 615, 700
remove, ID = 527, 600
remove, ID = 924, 400
remove, ID = 486, 700
remove, ID = 909, 400
remove, ID = 207, 800
remove, ID = 342, 900
remove, ID = 450, 600
remove, ID = 472, 3400
remove, ID = 556, 1000
remove, ID = 366, 600
remove, ID = 77, 600
remove, ID = 431, 400
remove, ID = 169, 500
remove, ID = 394, 700
remove, ID = 656, 500
remove, ID = 854, 500
remove, ID = 913, 600
remove, ID = 59, 500
remove, ID = 500, 400
remove, ID = 80, 500
remove, ID = 643, 500
remove, ID = 872, 600
remove, ID = 701, 8900
remove, ID = 366, 1100
remove, ID = 710, 600
remove, ID = 599, 600
remove, ID = 227, 800
remove, ID = 92, 900
remove, ID = 251, 500
remove, ID = 725, 400
remove, ID = 630, 500
remove, ID = 557, 600
remove, ID = 229, 600
remove, ID = 273, 500
remove, ID = 686, 400
remove, ID = 405, 400
remove, ID = 140, 500
remove, ID = 797, 300
remove, ID = 343, 400
remove, ID = 52, 1000
remove, ID = 401, 700
remove, ID = 89, 900
remove, ID = 214, 900
remove, ID = 475, 800
remove, ID = 826, 500
remove, ID = 650, 3100
remove, ID = 498, 800
remove, ID = 903, 300
remove, ID = 423, 400
remove, ID = 64, 500
remove, ID = 526, 400
remove, ID = 426, 500
remove, ID = 317, 400
remove, ID = 489, 400
remove, ID = 450, 400
remove, ID = 904, 300
remove, ID = 763, 300
remove, ID = 654, 300
remove, ID = 460, 400
addTotalCount = 1000
addTotalTime = 14572600
addMedianTime = 11600
removeTotalCount = 100
removeTotalTime = 81200
removeMedianTime = 600
Finish program: 22.04.2025 16:34:32

Regression addTotalTime 100→1000: +368,9%
Regression addMedianTime 100→1000: -56,8%
Regression removeTotalTime 100→1000: +915,0%
Regression removeMedianTime 100→1000: +20,0%
