Start program: 22.04.2025 16:34:33
LinkedList
add, ID = 1, 2200
add, ID = 2, 2400
add, ID = 3, 1200
add, ID = 4, 500
add, ID = 5, 400
add, ID = 6, 200
add, ID = 7, 700
add, ID = 8, 1400
add, ID = 9, 600
add, ID = 10, 400
add, ID = 11, 500
add, ID = 12, 400
add, ID = 13, 300
add, ID = 14, 300
add, ID = 15, 400
add, ID = 16, 1400
add, ID = 17, 500
add, ID = 18, 1300
add, ID = 19, 600
add, ID = 20, 400
add, ID = 21, 400
add, ID = 22, 200
add, ID = 23, 300
add, ID = 24, 300
add, ID = 25, 300
add, ID = 26, 300
add, ID = 27, 300
add, ID = 28, 100
add, ID = 29, 500
add, ID = 30, 200
add, ID = 31, 200
add, ID = 32, 300
add, ID = 33, 200
add, ID = 34, 200
add, ID = 35, 400
add, ID = 36, 500
add, ID = 37, 200
add, ID = 38, 200
add, ID = 39, 200
add, ID = 40, 200
add, ID = 41, 300
add, ID = 42, 200
add, ID = 43, 200
add, ID = 44, 200
add, ID = 45, 200
add, ID = 46, 200
add, ID = 47, 200
add, ID = 48, 100
add, ID = 49, 200
add, ID = 50, 200
add, ID = 51, 300
add, ID = 52, 300
add, ID = 53, 200
add, ID = 54, 200
add, ID = 55, 200
add, ID = 56, 300
add, ID = 57, 300
add, ID = 58, 300
add, ID = 59, 300
add, ID = 60, 200
add, ID = 61, 400
add, ID = 62, 300
add, ID = 63, 300
add, ID = 64, 200
add, ID = 65, 200
add, ID = 66, 300
add, ID = 67, 300
add, ID = 68, 200
add, ID = 69, 300
add, ID = 70, 300
add, ID = 71, 300
add, ID = 72, 1000
add, ID = 73, 600
add, ID = 74, 300
add, ID = 75, 200
add, ID = 76, 200
add, ID = 77, 200
add, ID = 78, 200
add, ID = 79, 200
add, ID = 80, 200
add, ID = 81, 300
add, ID = 82, 200
add, ID = 83, 200
add, ID = 84, 200
add, ID = 85, 100
add, ID = 86, 200
add, ID = 87, 200
add, ID = 88, 200
add, ID = 89, 200
add, ID = 90, 200
add, ID = 91, 100
add, ID = 92, 200
add, ID = 93, 200
add, ID = 94, 200
add, ID = 95, 200
add, ID = 96, 200
add, ID = 97, 200
add, ID = 98, 200
add, ID = 99, 200
add, ID = 100, 200
remove, ID = 49, 6700
remove, ID = 55, 1400
remove, ID = 67, 600
remove, ID = 18, 600
remove, ID = 20, 600
remove, ID = 48, 600
remove, ID = 11, 300
remove, ID = 86, 300
remove, ID = 23, 500
remove, ID = 83, 300
addTotalCount = 100
addTotalTime = 36300
addMedianTime = 200
removeTotalCount = 10
removeTotalTime = 11900
removeMedianTime = 600
Finish program: 22.04.2025 16:34:33

Regression addTotalTime 10→100: +96,2%
Regression addMedianTime 10→100: -55,6%
Regression removeTotalTime 10→100: -35,3%
Regression removeMedianTime 10→100: -96,7%
