Start program: 22.04.2025 16:34:33
LinkedList
add, ID = 1, 1700
add, ID = 2, 500
add, ID = 3, 400
add, ID = 4, 200
add, ID = 5, 300
add, ID = 6, 200
add, ID = 7, 200
add, ID = 8, 100
add, ID = 9, 200
add, ID = 10, 200
add, ID = 11, 200
add, ID = 12, 200
add, ID = 13, 200
add, ID = 14, 200
add, ID = 15, 100
add, ID = 16, 1500
add, ID = 17, 300
add, ID = 18, 200
add, ID = 19, 300
add, ID = 20, 300
add, ID = 21, 200
add, ID = 22, 200
add, ID = 23, 300
add, ID = 24, 200
add, ID = 25, 400
add, ID = 26, 200
add, ID = 27, 600
add, ID = 28, 200
add, ID = 29, 100
add, ID = 30, 100
add, ID = 31, 200
add, ID = 32, 300
add, ID = 33, 400
add, ID = 34, 300
add, ID = 35, 200
add, ID = 36, 200
add, ID = 37, 200
add, ID = 38, 200
add, ID = 39, 100
add, ID = 40, 200
add, ID = 41, 100
add, ID = 42, 200
add, ID = 43, 100
add, ID = 44, 200
add, ID = 45, 200
add, ID = 46, 200
add, ID = 47, 200
add, ID = 48, 200
add, ID = 49, 200
add, ID = 50, 200
add, ID = 51, 200
add, ID = 52, 200
add, ID = 53, 200
add, ID = 54, 200
add, ID = 55, 200
add, ID = 56, 200
add, ID = 57, 200
add, ID = 58, 100
add, ID = 59, 200
add, ID = 60, 400
add, ID = 61, 300
add, ID = 62, 200
add, ID = 63, 100
add, ID = 64, 100
add, ID = 65, 100
add, ID = 66, 200
add, ID = 67, 200
add, ID = 68, 300
add, ID = 69, 200
add, ID = 70, 200
add, ID = 71, 300
add, ID = 72, 200
add, ID = 73, 200
add, ID = 74, 200
add, ID = 75, 200
add, ID = 76, 200
add, ID = 77, 200
add, ID = 78, 200
add, ID = 79, 300
add, ID = 80, 300
add, ID = 81, 200
add, ID = 82, 200
add, ID = 83, 200
add, ID = 84, 200
add, ID = 85, 200
add, ID = 86, 200
add, ID = 87, 300
add, ID = 88, 200
add, ID = 89, 300
add, ID = 90, 800
add, ID = 91, 400
add, ID = 92, 300
add, ID = 93, 300
add, ID = 94, 200
add, ID = 95, 300
add, ID = 96, 400
add, ID = 97, 300
add, ID = 98, 200
add, ID = 99, 300
add, ID = 100, 200
add, ID = 101, 300
add, ID = 102, 300
add, ID = 103, 300
add, ID = 104, 200
add, ID = 105, 200
add, ID = 106, 200
add, ID = 107, 200
add, ID = 108, 200
add, ID = 109, 200
add, ID = 110, 200
add, ID = 111, 300
add, ID = 112, 200
add, ID = 113, 200
add, ID = 114, 200
add, ID = 115, 300
add, ID = 116, 300
add, ID = 117, 200
add, ID = 118, 200
add, ID = 119, 200
add, ID = 120, 400
add, ID = 121, 400
add, ID = 122, 300
add, ID = 123, 200
add, ID = 124, 300
add, ID = 125, 200
add, ID = 126, 400
add, ID = 127, 200
add, ID = 128, 100
add, ID = 129, 200
add, ID = 130, 200
add, ID = 131, 200
add, ID = 132, 200
add, ID = 133, 200
add, ID = 134, 300
add, ID = 135, 200
add, ID = 136, 200
add, ID = 137, 200
add, ID = 138, 200
add, ID = 139, 200
add, ID = 140, 200
add, ID = 141, 200
add, ID = 142, 300
add, ID = 143, 700
add, ID = 144, 185200
add, ID = 145, 1000
add, ID = 146, 400
add, ID = 147, 200
add, ID = 148, 15900
add, ID = 149, 300
add, ID = 150, 300
add, ID = 151, 300
add, ID = 152, 200
add, ID = 153, 300
add, ID = 154, 200
add, ID = 155, 200
add, ID = 156, 100
add, ID = 157, 100
add, ID = 158, 100
add, ID = 159, 300
add, ID = 160, 400
add, ID = 161, 100
add, ID = 162, 200
add, ID = 163, 100
add, ID = 164, 200
add, ID = 165, 200
add, ID = 166, 200
add, ID = 167, 100
add, ID = 168, 100
add, ID = 169, 400
add, ID = 170, 200
add, ID = 171, 200
add, ID = 172, 200
add, ID = 173, 200
add, ID = 174, 100
add, ID = 175, 200
add, ID = 176, 200
add, ID = 177, 100
add, ID = 178, 100
add, ID = 179, 100
add, ID = 180, 200
add, ID = 181, 900
add, ID = 182, 7800
add, ID = 183, 0
add, ID = 184, 100
add, ID = 185, 0
add, ID = 186, 0
add, ID = 187, 0
add, ID = 188, 100
add, ID = 189, 0
add, ID = 190, 0
add, ID = 191, 0
add, ID = 192, 0
add, ID = 193, 100
add, ID = 194, 0
add, ID = 195, 0
add, ID = 196, 0
add, ID = 197, 100
add, ID = 198, 0
add, ID = 199, 0
add, ID = 200, 100
add, ID = 201, 100
add, ID = 202, 0
add, ID = 203, 0
add, ID = 204, 100
add, ID = 205, 0
add, ID = 206, 100
add, ID = 207, 0
add, ID = 208, 0
add, ID = 209, 100
add, ID = 210, 100
add, ID = 211, 100
add, ID = 212, 0
add, ID = 213, 0
add, ID = 214, 0
add, ID = 215, 0
add, ID = 216, 0
add, ID = 217, 100
add, ID = 218, 0
add, ID = 219, 0
add, ID = 220, 100
add, ID = 221, 0
add, ID = 222, 0
add, ID = 223, 0
add, ID = 224, 100
add, ID = 225, 0
add, ID = 226, 0
add, ID = 227, 100
add, ID = 228, 100
add, ID = 229, 100
add, ID = 230, 0
add, ID = 231, 100
add, ID = 232, 0
add, ID = 233, 100
add, ID = 234, 100
add, ID = 235, 100
add, ID = 236, 0
add, ID = 237, 100
add, ID = 238, 100
add, ID = 239, 0
add, ID = 240, 0
add, ID = 241, 0
add, ID = 242, 0
add, ID = 243, 0
add, ID = 244, 0
add, ID = 245, 0
add, ID = 246, 0
add, ID = 247, 0
add, ID = 248, 0
add, ID = 249, 0
add, ID = 250, 100
add, ID = 251, 0
add, ID = 252, 100
add, ID = 253, 0
add, ID = 254, 100
add, ID = 255, 0
add, ID = 256, 0
add, ID = 257, 0
add, ID = 258, 0
add, ID = 259, 0
add, ID = 260, 0
add, ID = 261, 100
add, ID = 262, 0
add, ID = 263, 0
add, ID = 264, 100
add, ID = 265, 100
add, ID = 266, 0
add, ID = 267, 0
add, ID = 268, 0
add, ID = 269, 100
add, ID = 270, 100
add, ID = 271, 100
add, ID = 272, 0
add, ID = 273, 0
add, ID = 274, 0
add, ID = 275, 100
add, ID = 276, 0
add, ID = 277, 0
add, ID = 278, 0
add, ID = 279, 100
add, ID = 280, 100
add, ID = 281, 0
add, ID = 282, 0
add, ID = 283, 0
add, ID = 284, 0
add, ID = 285, 100
add, ID = 286, 0
add, ID = 287, 0
add, ID = 288, 0
add, ID = 289, 100
add, ID = 290, 0
add, ID = 291, 100
add, ID = 292, 0
add, ID = 293, 0
add, ID = 294, 0
add, ID = 295, 0
add, ID = 296, 100
add, ID = 297, 100
add, ID = 298, 0
add, ID = 299, 0
add, ID = 300, 100
add, ID = 301, 100
add, ID = 302, 100
add, ID = 303, 100
add, ID = 304, 0
add, ID = 305, 0
add, ID = 306, 100
add, ID = 307, 0
add, ID = 308, 0
add, ID = 309, 0
add, ID = 310, 0
add, ID = 311, 100
add, ID = 312, 0
add, ID = 313, 0
add, ID = 314, 0
add, ID = 315, 0
add, ID = 316, 0
add, ID = 317, 0
add, ID = 318, 0
add, ID = 319, 100
add, ID = 320, 0
add, ID = 321, 0
add, ID = 322, 0
add, ID = 323, 100
add, ID = 324, 0
add, ID = 325, 0
add, ID = 326, 0
add, ID = 327, 0
add, ID = 328, 0
add, ID = 329, 100
add, ID = 330, 100
add, ID = 331, 0
add, ID = 332, 100
add, ID = 333, 0
add, ID = 334, 0
add, ID = 335, 0
add, ID = 336, 0
add, ID = 337, 0
add, ID = 338, 0
add, ID = 339, 100
add, ID = 340, 0
add, ID = 341, 0
add, ID = 342, 100
add, ID = 343, 0
add, ID = 344, 0
add, ID = 345, 0
add, ID = 346, 100
add, ID = 347, 0
add, ID = 348, 0
add, ID = 349, 200
add, ID = 350, 100
add, ID = 351, 0
add, ID = 352, 100
add, ID = 353, 100
add, ID = 354, 0
add, ID = 355, 0
add, ID = 356, 0
add, ID = 357, 0
add, ID = 358, 0
add, ID = 359, 0
add, ID = 360, 100
add, ID = 361, 100
add, ID = 362, 0
add, ID = 363, 0
add, ID = 364, 0
add, ID = 365, 100
add, ID = 366, 0
add, ID = 367, 0
add, ID = 368, 0
add, ID = 369, 100
add, ID = 370, 0
add, ID = 371, 100
add, ID = 372, 0
add, ID = 373, 0
add, ID = 374, 0
add, ID = 375, 0
add, ID = 376, 0
add, ID = 377, 0
add, ID = 378, 0
add, ID = 379, 100
add, ID = 380, 0
add, ID = 381, 0
add, ID = 382, 0
add, ID = 383, 0
add, ID = 384, 0
add, ID = 385, 0
add, ID = 386, 0
add, ID = 387, 0
add, ID = 388, 100
add, ID = 389, 0
add, ID = 390, 0
add, ID = 391, 100
add, ID = 392, 100
add, ID = 393, 500
add, ID = 394, 0
add, ID = 395, 0
add, ID = 396, 0
add, ID = 397, 0
add, ID = 398, 0
add, ID = 399, 100
add, ID = 400, 100
add, ID = 401, 100
add, ID = 402, 0
add, ID = 403, 100
add, ID = 404, 0
add, ID = 405, 100
add, ID = 406, 0
add, ID = 407, 100
add, ID = 408, 100
add, ID = 409, 0
add, ID = 410, 100
add, ID = 411, 100
add, ID = 412, 0
add, ID = 413, 100
add, ID = 414, 0
add, ID = 415, 0
add, ID = 416, 100
add, ID = 417, 0
add, ID = 418, 0
add, ID = 419, 0
add, ID = 420, 0
add, ID = 421, 100
add, ID = 422, 0
add, ID = 423, 0
add, ID = 424, 100
add, ID = 425, 0
add, ID = 426, 100
add, ID = 427, 0
add, ID = 428, 100
add, ID = 429, 100
add, ID = 430, 100
add, ID = 431, 100
add, ID = 432, 0
add, ID = 433, 0
add, ID = 434, 100
add, ID = 435, 100
add, ID = 436, 0
add, ID = 437, 0
add, ID = 438, 100
add, ID = 439, 0
add, ID = 440, 0
add, ID = 441, 0
add, ID = 442, 0
add, ID = 443, 0
add, ID = 444, 0
add, ID = 445, 0
add, ID = 446, 0
add, ID = 447, 100
add, ID = 448, 0
add, ID = 449, 100
add, ID = 450, 100
add, ID = 451, 0
add, ID = 452, 0
add, ID = 453, 0
add, ID = 454, 100
add, ID = 455, 100
add, ID = 456, 0
add, ID = 457, 100
add, ID = 458, 0
add, ID = 459, 0
add, ID = 460, 100
add, ID = 461, 0
add, ID = 462, 300
add, ID = 463, 0
add, ID = 464, 0
add, ID = 465, 0
add, ID = 466, 0
add, ID = 467, 100
add, ID = 468, 0
add, ID = 469, 0
add, ID = 470, 0
add, ID = 471, 0
add, ID = 472, 0
add, ID = 473, 0
add, ID = 474, 100
add, ID = 475, 0
add, ID = 476, 0
add, ID = 477, 100
add, ID = 478, 0
add, ID = 479, 0
add, ID = 480, 0
add, ID = 481, 0
add, ID = 482, 0
add, ID = 483, 0
add, ID = 484, 100
add, ID = 485, 0
add, ID = 486, 100
add, ID = 487, 0
add, ID = 488, 0
add, ID = 489, 0
add, ID = 490, 0
add, ID = 491, 0
add, ID = 492, 0
add, ID = 493, 100
add, ID = 494, 0
add, ID = 495, 100
add, ID = 496, 0
add, ID = 497, 100
add, ID = 498, 100
add, ID = 499, 0
add, ID = 500, 0
add, ID = 501, 0
add, ID = 502, 100
add, ID = 503, 0
add, ID = 504, 0
add, ID = 505, 0
add, ID = 506, 0
add, ID = 507, 100
add, ID = 508, 0
add, ID = 509, 0
add, ID = 510, 100
add, ID = 511, 100
add, ID = 512, 0
add, ID = 513, 0
add, ID = 514, 200
add, ID = 515, 100
add, ID = 516, 100
add, ID = 517, 0
add, ID = 518, 0
add, ID = 519, 0
add, ID = 520, 100
add, ID = 521, 0
add, ID = 522, 0
add, ID = 523, 0
add, ID = 524, 0
add, ID = 525, 0
add, ID = 526, 0
add, ID = 527, 0
add, ID = 528, 0
add, ID = 529, 0
add, ID = 530, 0
add, ID = 531, 0
add, ID = 532, 0
add, ID = 533, 0
add, ID = 534, 0
add, ID = 535, 100
add, ID = 536, 100
add, ID = 537, 0
add, ID = 538, 100
add, ID = 539, 0
add, ID = 540, 0
add, ID = 541, 0
add, ID = 542, 0
add, ID = 543, 100
add, ID = 544, 0
add, ID = 545, 0
add, ID = 546, 0
add, ID = 547, 0
add, ID = 548, 0
add, ID = 549, 0
add, ID = 550, 100
add, ID = 551, 0
add, ID = 552, 0
add, ID = 553, 0
add, ID = 554, 0
add, ID = 555, 100
add, ID = 556, 100
add, ID = 557, 0
add, ID = 558, 100
add, ID = 559, 0
add, ID = 560, 0
add, ID = 561, 0
add, ID = 562, 0
add, ID = 563, 100
add, ID = 564, 0
add, ID = 565, 100
add, ID = 566, 0
add, ID = 567, 0
add, ID = 568, 0
add, ID = 569, 0
add, ID = 570, 0
add, ID = 571, 100
add, ID = 572, 0
add, ID = 573, 100
add, ID = 574, 100
add, ID = 575, 0
add, ID = 576, 100
add, ID = 577, 0
add, ID = 578, 100
add, ID = 579, 0
add, ID = 580, 0
add, ID = 581, 100
add, ID = 582, 0
add, ID = 583, 0
add, ID = 584, 0
add, ID = 585, 0
add, ID = 586, 200
add, ID = 587, 100
add, ID = 588, 100
add, ID = 589, 100
add, ID = 590, 0
add, ID = 591, 0
add, ID = 592, 0
add, ID = 593, 0
add, ID = 594, 100
add, ID = 595, 0
add, ID = 596, 100
add, ID = 597, 200
add, ID = 598, 0
add, ID = 599, 0
add, ID = 600, 100
add, ID = 601, 0
add, ID = 602, 100
add, ID = 603, 100
add, ID = 604, 100
add, ID = 605, 100
add, ID = 606, 100
add, ID = 607, 0
add, ID = 608, 200
add, ID = 609, 0
add, ID = 610, 0
add, ID = 611, 0
add, ID = 612, 100
add, ID = 613, 100
add, ID = 614, 0
add, ID = 615, 100
add, ID = 616, 0
add, ID = 617, 100
add, ID = 618, 100
add, ID = 619, 0
add, ID = 620, 100
add, ID = 621, 0
add, ID = 622, 0
add, ID = 623, 0
add, ID = 624, 200
add, ID = 625, 0
add, ID = 626, 0
add, ID = 627, 0
add, ID = 628, 100
add, ID = 629, 0
add, ID = 630, 0
add, ID = 631, 0
add, ID = 632, 100
add, ID = 633, 100
add, ID = 634, 100
add, ID = 635, 100
add, ID = 636, 100
add, ID = 637, 100
add, ID = 638, 100
add, ID = 639, 0
add, ID = 640, 0
add, ID = 641, 0
add, ID = 642, 0
add, ID = 643, 400
add, ID = 644, 0
add, ID = 645, 100
add, ID = 646, 0
add, ID = 647, 0
add, ID = 648, 100
add, ID = 649, 0
add, ID = 650, 100
add, ID = 651, 0
add, ID = 652, 0
add, ID = 653, 100
add, ID = 654, 0
add, ID = 655, 0
add, ID = 656, 0
add, ID = 657, 300
add, ID = 658, 100
add, ID = 659, 0
add, ID = 660, 100
add, ID = 661, 100
add, ID = 662, 0
add, ID = 663, 0
add, ID = 664, 300
add, ID = 665, 300
add, ID = 666, 100
add, ID = 667, 0
add, ID = 668, 100
add, ID = 669, 100
add, ID = 670, 100
add, ID = 671, 0
add, ID = 672, 0
add, ID = 673, 0
add, ID = 674, 0
add, ID = 675, 100
add, ID = 676, 200
add, ID = 677, 0
add, ID = 678, 200
add, ID = 679, 200
add, ID = 680, 100
add, ID = 681, 100
add, ID = 682, 0
add, ID = 683, 0
add, ID = 684, 100
add, ID = 685, 0
add, ID = 686, 100
add, ID = 687, 200
add, ID = 688, 100
add, ID = 689, 100
add, ID = 690, 100
add, ID = 691, 100
add, ID = 692, 0
add, ID = 693, 100
add, ID = 694, 0
add, ID = 695, 400
add, ID = 696, 100
add, ID = 697, 100
add, ID = 698, 100
add, ID = 699, 0
add, ID = 700, 0
add, ID = 701, 0
add, ID = 702, 0
add, ID = 703, 0
add, ID = 704, 100
add, ID = 705, 0
add, ID = 706, 0
add, ID = 707, 0
add, ID = 708, 0
add, ID = 709, 100
add, ID = 710, 0
add, ID = 711, 100
add, ID = 712, 100
add, ID = 713, 0
add, ID = 714, 0
add, ID = 715, 100
add, ID = 716, 0
add, ID = 717, 0
add, ID = 718, 100
add, ID = 719, 0
add, ID = 720, 0
add, ID = 721, 0
add, ID = 722, 0
add, ID = 723, 100
add, ID = 724, 0
add, ID = 725, 0
add, ID = 726, 100
add, ID = 727, 100
add, ID = 728, 0
add, ID = 729, 0
add, ID = 730, 0
add, ID = 731, 0
add, ID = 732, 0
add, ID = 733, 0
add, ID = 734, 0
add, ID = 735, 0
add, ID = 736, 0
add, ID = 737, 100
add, ID = 738, 100
add, ID = 739, 0
add, ID = 740, 0
add, ID = 741, 100
add, ID = 742, 100
add, ID = 743, 0
add, ID = 744, 0
add, ID = 745, 100
add, ID = 746, 0
add, ID = 747, 100
add, ID = 748, 0
add, ID = 749, 0
add, ID = 750, 100
add, ID = 751, 0
add, ID = 752, 0
add, ID = 753, 0
add, ID = 754, 0
add, ID = 755, 0
add, ID = 756, 0
add, ID = 757, 0
add, ID = 758, 100
add, ID = 759, 0
add, ID = 760, 0
add, ID = 761, 0
add, ID = 762, 0
add, ID = 763, 0
add, ID = 764, 100
add, ID = 765, 0
add, ID = 766, 0
add, ID = 767, 0
add, ID = 768, 100
add, ID = 769, 0
add, ID = 770, 100
add, ID = 771, 100
add, ID = 772, 0
add, ID = 773, 0
add, ID = 774, 0
add, ID = 775, 100
add, ID = 776, 0
add, ID = 777, 0
add, ID = 778, 0
add, ID = 779, 0
add, ID = 780, 100
add, ID = 781, 0
add, ID = 782, 0
add, ID = 783, 0
add, ID = 784, 0
add, ID = 785, 100
add, ID = 786, 100
add, ID = 787, 100
add, ID = 788, 0
add, ID = 789, 0
add, ID = 790, 0
add, ID = 791, 0
add, ID = 792, 100
add, ID = 793, 100
add, ID = 794, 100
add, ID = 795, 100
add, ID = 796, 100
add, ID = 797, 0
add, ID = 798, 0
add, ID = 799, 100
add, ID = 800, 0
add, ID = 801, 100
add, ID = 802, 100
add, ID = 803, 0
add, ID = 804, 100
add, ID = 805, 100
add, ID = 806, 0
add, ID = 807, 100
add, ID = 808, 0
add, ID = 809, 0
add, ID = 810, 100
add, ID = 811, 100
add, ID = 812, 0
add, ID = 813, 100
add, ID = 814, 0
add, ID = 815, 0
add, ID = 816, 0
add, ID = 817, 100
add, ID = 818, 100
add, ID = 819, 0
add, ID = 820, 0
add, ID = 821, 100
add, ID = 822, 0
add, ID = 823, 100
add, ID = 824, 0
add, ID = 825, 0
add, ID = 826, 100
add, ID = 827, 0
add, ID = 828, 100
add, ID = 829, 100
add, ID = 830, 100
add, ID = 831, 0
add, ID = 832, 0
add, ID = 833, 0
add, ID = 834, 100
add, ID = 835, 100
add, ID = 836, 100
add, ID = 837, 0
add, ID = 838, 0
add, ID = 839, 100
add, ID = 840, 0
add, ID = 841, 100
add, ID = 842, 100
add, ID = 843, 0
add, ID = 844, 100
add, ID = 845, 100
add, ID = 846, 0
add, ID = 847, 100
add, ID = 848, 100
add, ID = 849, 0
add, ID = 850, 0
add, ID = 851, 0
add, ID = 852, 0
add, ID = 853, 0
add, ID = 854, 0
add, ID = 855, 0
add, ID = 856, 0
add, ID = 857, 100
add, ID = 858, 0
add, ID = 859, 0
add, ID = 860, 100
add, ID = 861, 0
add, ID = 862, 0
add, ID = 863, 0
add, ID = 864, 0
add, ID = 865, 0
add, ID = 866, 200
add, ID = 867, 0
add, ID = 868, 100
add, ID = 869, 0
add, ID = 870, 100
add, ID = 871, 100
add, ID = 872, 0
add, ID = 873, 100
add, ID = 874, 0
add, ID = 875, 0
add, ID = 876, 0
add, ID = 877, 0
add, ID = 878, 0
add, ID = 879, 0
add, ID = 880, 0
add, ID = 881, 100
add, ID = 882, 100
add, ID = 883, 100
add, ID = 884, 0
add, ID = 885, 0
add, ID = 886, 100
add, ID = 887, 0
add, ID = 888, 0
add, ID = 889, 100
add, ID = 890, 0
add, ID = 891, 0
add, ID = 892, 0
add, ID = 893, 0
add, ID = 894, 100
add, ID = 895, 0
add, ID = 896, 0
add, ID = 897, 0
add, ID = 898, 0
add, ID = 899, 0
add, ID = 900, 0
add, ID = 901, 0
add, ID = 902, 100
add, ID = 903, 100
add, ID = 904, 0
add, ID = 905, 100
add, ID = 906, 0
add, ID = 907, 0
add, ID = 908, 100
add, ID = 909, 100
add, ID = 910, 0
add, ID = 911, 0
add, ID = 912, 0
add, ID = 913, 200
add, ID = 914, 100
add, ID = 915, 0
add, ID = 916, 0
add, ID = 917, 0
add, ID = 918, 0
add, ID = 919, 0
add, ID = 920, 100
add, ID = 921, 100
add, ID = 922, 0
add, ID = 923, 0
add, ID = 924, 0
add, ID = 925, 100
add, ID = 926, 0
add, ID = 927, 0
add, ID = 928, 100
add, ID = 929, 0
add, ID = 930, 0
add, ID = 931, 100
add, ID = 932, 100
add, ID = 933, 0
add, ID = 934, 0
add, ID = 935, 0
add, ID = 936, 100
add, ID = 937, 200
add, ID = 938, 0
add, ID = 939, 0
add, ID = 940, 100
add, ID = 941, 0
add, ID = 942, 100
add, ID = 943, 0
add, ID = 944, 0
add, ID = 945, 0
add, ID = 946, 100
add, ID = 947, 100
add, ID = 948, 0
add, ID = 949, 0
add, ID = 950, 0
add, ID = 951, 0
add, ID = 952, 0
add, ID = 953, 0
add, ID = 954, 0
add, ID = 955, 0
add, ID = 956, 0
add, ID = 957, 200
add, ID = 958, 0
add, ID = 959, 0
add, ID = 960, 0
add, ID = 961, 0
add, ID = 962, 0
add, ID = 963, 0
add, ID = 964, 0
add, ID = 965, 100
add, ID = 966, 100
add, ID = 967, 100
add, ID = 968, 300
add, ID = 969, 100
add, ID = 970, 200
add, ID = 971, 0
add, ID = 972, 100
add, ID = 973, 0
add, ID = 974, 0
add, ID = 975, 0
add, ID = 976, 100
add, ID = 977, 0
add, ID = 978, 0
add, ID = 979, 100
add, ID = 980, 100
add, ID = 981, 100
add, ID = 982, 0
add, ID = 983, 0
add, ID = 984, 0
add, ID = 985, 0
add, ID = 986, 100
add, ID = 987, 100
add, ID = 988, 100
add, ID = 989, 100
add, ID = 990, 0
add, ID = 991, 100
add, ID = 992, 0
add, ID = 993, 0
add, ID = 994, 0
add, ID = 995, 0
add, ID = 996, 0
add, ID = 997, 100
add, ID = 998, 100
add, ID = 999, 0
add, ID = 1000, 0
remove, ID = 492, 47900
remove, ID = 244, 2800
remove, ID = 738, 21500
remove, ID = 80, 1100
remove, ID = 17, 400
remove, ID = 179, 1900
remove, ID = 724, 2600
remove, ID = 457, 5300
remove, ID = 412, 4000
remove, ID = 28, 500
remove, ID = 520, 21700
remove, ID = 743, 1900
remove, ID = 888, 1100
remove, ID = 313, 3100
remove, ID = 875, 1200
remove, ID = 253, 3200
remove, ID = 148, 1600
remove, ID = 83, 1000
remove, ID = 718, 2200
remove, ID = 486, 5900
remove, ID = 35, 500
remove, ID = 701, 2300
remove, ID = 26, 500
remove, ID = 409, 4100
remove, ID = 243, 2400
remove, ID = 770, 2200
remove, ID = 373, 3700
remove, ID = 581, 3300
remove, ID = 738, 2300
remove, ID = 622, 2700
remove, ID = 312, 3200
remove, ID = 917, 600
remove, ID = 349, 3900
remove, ID = 228, 2300
remove, ID = 442, 4400
remove, ID = 342, 3800
remove, ID = 954, 300
remove, ID = 706, 2100
remove, ID = 568, 3100
remove, ID = 747, 2200
remove, ID = 341, 3500
remove, ID = 556, 3100
remove, ID = 589, 3300
remove, ID = 386, 3900
remove, ID = 132, 1400
remove, ID = 390, 4200
remove, ID = 895, 800
remove, ID = 344, 3500
remove, ID = 748, 1700
remove, ID = 240, 2500
remove, ID = 369, 4200
remove, ID = 926, 400
remove, ID = 88, 1000
remove, ID = 693, 2000
remove, ID = 785, 1400
remove, ID = 692, 2000
remove, ID = 816, 1800
remove, ID = 823, 1100
remove, ID = 573, 2800
remove, ID = 939, 300
remove, ID = 683, 2000
remove, ID = 502, 3800
remove, ID = 696, 1900
remove, ID = 618, 2500
remove, ID = 237, 2900
remove, ID = 520, 3300
remove, ID = 118, 1400
remove, ID = 799, 1200
remove, ID = 824, 1000
remove, ID = 332, 3700
remove, ID = 641, 2300
remove, ID = 319, 3300
remove, ID = 623, 2400
remove, ID = 342, 4000
remove, ID = 358, 3600
remove, ID = 293, 2900
remove, ID = 562, 3300
remove, ID = 347, 3500
remove, ID = 619, 2400
remove, ID = 64, 1200
remove, ID = 413, 4100
remove, ID = 287, 3000
remove, ID = 382, 4100
remove, ID = 548, 2900
remove, ID = 115, 1300
remove, ID = 49, 700
remove, ID = 12, 300
remove, ID = 616, 2400
remove, ID = 415, 33700
remove, ID = 776, 1700
remove, ID = 659, 2600
remove, ID = 578, 3400
remove, ID = 118, 2600
remove, ID = 404, 4700
remove, ID = 156, 1800
remove, ID = 484, 3900
remove, ID = 137, 2500
remove, ID = 190, 2000
remove, ID = 893, 400
remove, ID = 729, 1600
addTotalCount = 1000
addTotalTime = 287900
addMedianTime = 0
removeTotalCount = 100
removeTotalTime = 358000
removeMedianTime = 2450
Finish program: 22.04.2025 16:34:33

Regression addTotalTime 100→1000: +693,1%
Regression addMedianTime 100→1000: -100,0%
Regression removeTotalTime 100→1000: +2 908,4%
Regression removeMedianTime 100→1000: +308,3%
